[0.028s] Invoking command in '/home/kwak/yolobot/build/yolobot_control': CMAKE_PREFIX_PATH=${CMAKE_PREFIX_PATH}:/opt/ros/foxy /usr/bin/cmake --build /home/kwak/yolobot/build/yolobot_control -- -j12 -l12
[0.086s] Invoked command in '/home/kwak/yolobot/build/yolobot_control' returned '0': CMAKE_PREFIX_PATH=${CMAKE_PREFIX_PATH}:/opt/ros/foxy /usr/bin/cmake --build /home/kwak/yolobot/build/yolobot_control -- -j12 -l12
[0.106s] Invoking command in '/home/kwak/yolobot/build/yolobot_control': CMAKE_PREFIX_PATH=${CMAKE_PREFIX_PATH}:/opt/ros/foxy /usr/bin/cmake --install /home/kwak/yolobot/build/yolobot_control
[0.117s] -- Install configuration: ""
[0.117s] -- Up-to-date: /home/kwak/yolobot/install/yolobot_control/share/yolobot_control//scripts
[0.117s] -- Installing: /home/kwak/yolobot/install/yolobot_control/share/yolobot_control//scripts/robot_control.py
[0.118s] -- Up-to-date: /home/kwak/yolobot/install/yolobot_control/share/yolobot_control//launch
[0.118s] -- Up-to-date: /home/kwak/yolobot/install/yolobot_control/share/yolobot_control//launch/yolobot_control.launch.py
[0.118s] -- Installing: /home/kwak/yolobot/install/yolobot_control/lib/yolobot_control/robot_control.py
[0.118s] -- Up-to-date: /home/kwak/yolobot/install/yolobot_control/lib/yolobot_control/yolobot_control.launch.py
[0.118s] -- Up-to-date: /home/kwak/yolobot/install/yolobot_control/share/ament_index/resource_index/package_run_dependencies/yolobot_control
[0.118s] -- Up-to-date: /home/kwak/yolobot/install/yolobot_control/share/ament_index/resource_index/parent_prefix_path/yolobot_control
[0.118s] -- Up-to-date: /home/kwak/yolobot/install/yolobot_control/share/yolobot_control/environment/ament_prefix_path.sh
[0.119s] -- Up-to-date: /home/kwak/yolobot/install/yolobot_control/share/yolobot_control/environment/ament_prefix_path.dsv
[0.119s] -- Up-to-date: /home/kwak/yolobot/install/yolobot_control/share/yolobot_control/environment/path.sh
[0.119s] -- Up-to-date: /home/kwak/yolobot/install/yolobot_control/share/yolobot_control/environment/path.dsv
[0.119s] -- Up-to-date: /home/kwak/yolobot/install/yolobot_control/share/yolobot_control/local_setup.bash
[0.119s] -- Up-to-date: /home/kwak/yolobot/install/yolobot_control/share/yolobot_control/local_setup.sh
[0.120s] -- Up-to-date: /home/kwak/yolobot/install/yolobot_control/share/yolobot_control/local_setup.zsh
[0.120s] -- Up-to-date: /home/kwak/yolobot/install/yolobot_control/share/yolobot_control/local_setup.dsv
[0.120s] -- Installing: /home/kwak/yolobot/install/yolobot_control/share/yolobot_control/package.dsv
[0.120s] -- Up-to-date: /home/kwak/yolobot/install/yolobot_control/share/ament_index/resource_index/packages/yolobot_control
[0.120s] -- Up-to-date: /home/kwak/yolobot/install/yolobot_control/share/yolobot_control/cmake/yolobot_controlConfig.cmake
[0.120s] -- Up-to-date: /home/kwak/yolobot/install/yolobot_control/share/yolobot_control/cmake/yolobot_controlConfig-version.cmake
[0.120s] -- Up-to-date: /home/kwak/yolobot/install/yolobot_control/share/yolobot_control/package.xml
[0.134s] Invoked command in '/home/kwak/yolobot/build/yolobot_control' returned '0': CMAKE_PREFIX_PATH=${CMAKE_PREFIX_PATH}:/opt/ros/foxy /usr/bin/cmake --install /home/kwak/yolobot/build/yolobot_control
