[0.024s] Invoking command in '/home/kwak/yolobot/build/yolobot_control': CMAKE_PREFIX_PATH=/opt/ros/foxy /usr/bin/cmake /home/kwak/yolobot/src/yolobot_control -DCMAKE_INSTALL_PREFIX=/home/kwak/yolobot/install/yolobot_control
[0.128s] -- The C compiler identification is GNU 9.4.0
[0.207s] -- The CXX compiler identification is GNU 9.4.0
[0.212s] -- Check for working C compiler: /usr/bin/cc
[0.265s] -- Check for working C compiler: /usr/bin/cc -- works
[0.266s] -- Detecting C compiler ABI info
[0.319s] -- Detecting C compiler ABI info - done
[0.328s] -- Detecting C compile features
[0.329s] -- Detecting C compile features - done
[0.331s] -- Check for working CXX compiler: /usr/bin/c++
[0.396s] -- Check for working CXX compiler: /usr/bin/c++ -- works
[0.397s] -- Detecting CXX compiler ABI info
[0.461s] -- Detecting CXX compiler ABI info - done
[0.478s] -- Detecting CXX compile features
[0.479s] -- Detecting CXX compile features - done
[0.481s] -- Found ament_cmake: 0.9.9 (/opt/ros/foxy/share/ament_cmake/cmake)
[0.502s] -- Found PythonInterp: /usr/bin/python3 (found suitable version "3.8.10", minimum required is "3") 
[0.502s] -- Using PYTHON_EXECUTABLE: /usr/bin/python3
[0.665s] -- Found ament_lint_auto: 0.9.6 (/opt/ros/foxy/share/ament_lint_auto/cmake)
[0.727s] -- Added test 'copyright' to check source files copyright and LICENSE
[0.728s] -- Added test 'flake8' to check Python code syntax and style conventions
[0.729s] -- Added test 'lint_cmake' to check CMake code style
[0.729s] -- Added test 'pep257' to check Python code against some of the style conventions in PEP 257
[0.730s] -- Added test 'xmllint' to check XML markup files
[0.732s] -- Configuring done
[0.733s] -- Generating done
[0.734s] -- Build files have been written to: /home/kwak/yolobot/build/yolobot_control
[0.738s] Invoked command in '/home/kwak/yolobot/build/yolobot_control' returned '0': CMAKE_PREFIX_PATH=/opt/ros/foxy /usr/bin/cmake /home/kwak/yolobot/src/yolobot_control -DCMAKE_INSTALL_PREFIX=/home/kwak/yolobot/install/yolobot_control
[0.741s] Invoking command in '/home/kwak/yolobot/build/yolobot_control': CMAKE_PREFIX_PATH=/opt/ros/foxy /usr/bin/cmake --build /home/kwak/yolobot/build/yolobot_control -- -j12 -l12
[0.772s] Invoked command in '/home/kwak/yolobot/build/yolobot_control' returned '0': CMAKE_PREFIX_PATH=/opt/ros/foxy /usr/bin/cmake --build /home/kwak/yolobot/build/yolobot_control -- -j12 -l12
[0.796s] Invoking command in '/home/kwak/yolobot/build/yolobot_control': CMAKE_PREFIX_PATH=/opt/ros/foxy /usr/bin/cmake --install /home/kwak/yolobot/build/yolobot_control
[0.804s] -- Install configuration: ""
[0.805s] -- Installing: /home/kwak/yolobot/install/yolobot_control/share/yolobot_control//scripts
[0.805s] -- Installing: /home/kwak/yolobot/install/yolobot_control/share/yolobot_control//scripts/robot_control.py
[0.805s] -- Installing: /home/kwak/yolobot/install/yolobot_control/share/yolobot_control//launch
[0.805s] -- Installing: /home/kwak/yolobot/install/yolobot_control/share/yolobot_control//launch/yolobot_control.launch.py
[0.806s] -- Installing: /home/kwak/yolobot/install/yolobot_control/lib/yolobot_control/robot_control.py
[0.806s] -- Installing: /home/kwak/yolobot/install/yolobot_control/lib/yolobot_control/yolobot_control.launch.py
[0.806s] -- Installing: /home/kwak/yolobot/install/yolobot_control/share/ament_index/resource_index/package_run_dependencies/yolobot_control
[0.806s] -- Installing: /home/kwak/yolobot/install/yolobot_control/share/ament_index/resource_index/parent_prefix_path/yolobot_control
[0.806s] -- Installing: /home/kwak/yolobot/install/yolobot_control/share/yolobot_control/environment/ament_prefix_path.sh
[0.807s] -- Installing: /home/kwak/yolobot/install/yolobot_control/share/yolobot_control/environment/ament_prefix_path.dsv
[0.807s] -- Installing: /home/kwak/yolobot/install/yolobot_control/share/yolobot_control/environment/path.sh
[0.807s] -- Installing: /home/kwak/yolobot/install/yolobot_control/share/yolobot_control/environment/path.dsv
[0.807s] -- Installing: /home/kwak/yolobot/install/yolobot_control/share/yolobot_control/local_setup.bash
[0.808s] -- Installing: /home/kwak/yolobot/install/yolobot_control/share/yolobot_control/local_setup.sh
[0.808s] -- Installing: /home/kwak/yolobot/install/yolobot_control/share/yolobot_control/local_setup.zsh
[0.808s] -- Installing: /home/kwak/yolobot/install/yolobot_control/share/yolobot_control/local_setup.dsv
[0.808s] -- Installing: /home/kwak/yolobot/install/yolobot_control/share/yolobot_control/package.dsv
[0.808s] -- Installing: /home/kwak/yolobot/install/yolobot_control/share/ament_index/resource_index/packages/yolobot_control
[0.808s] -- Installing: /home/kwak/yolobot/install/yolobot_control/share/yolobot_control/cmake/yolobot_controlConfig.cmake
[0.808s] -- Installing: /home/kwak/yolobot/install/yolobot_control/share/yolobot_control/cmake/yolobot_controlConfig-version.cmake
[0.808s] -- Installing: /home/kwak/yolobot/install/yolobot_control/share/yolobot_control/package.xml
[0.809s] Invoked command in '/home/kwak/yolobot/build/yolobot_control' returned '0': CMAKE_PREFIX_PATH=/opt/ros/foxy /usr/bin/cmake --install /home/kwak/yolobot/build/yolobot_control
