[0.021s] Invoking command in '/home/kwak/yolobot/build/yolobot_recognition': CMAKE_PREFIX_PATH=${CMAKE_PREFIX_PATH}:/opt/ros/foxy /usr/bin/cmake /home/kwak/yolobot/src/yolobot_recognition -DAMENT_CMAKE_SYMLINK_INSTALL=1 -DCMAKE_INSTALL_PREFIX=/home/kwak/yolobot/install/yolobot_recognition
[0.030s] -- Found ament_cmake: 0.9.9 (/opt/ros/foxy/share/ament_cmake/cmake)
[0.050s] -- Using PYTHON_EXECUTABLE: /usr/bin/python3
[0.202s] -- Override CMake install command with custom implementation using symlinks instead of copying resources
[0.217s] -- Found ament_lint_auto: 0.9.6 (/opt/ros/foxy/share/ament_lint_auto/cmake)
[0.276s] -- Added test 'copyright' to check source files copyright and LICENSE
[0.286s] -- Added test 'flake8' to check Python code syntax and style conventions
[0.288s] -- Added test 'lint_cmake' to check CMake code style
[0.289s] -- Added test 'pep257' to check Python code against some of the style conventions in PEP 257
[0.295s] -- Added test 'xmllint' to check XML markup files
[0.297s] -- Configuring done
[0.301s] -- Generating done
[0.302s] -- Build files have been written to: /home/kwak/yolobot/build/yolobot_recognition
[0.304s] Invoked command in '/home/kwak/yolobot/build/yolobot_recognition' returned '0': CMAKE_PREFIX_PATH=${CMAKE_PREFIX_PATH}:/opt/ros/foxy /usr/bin/cmake /home/kwak/yolobot/src/yolobot_recognition -DAMENT_CMAKE_SYMLINK_INSTALL=1 -DCMAKE_INSTALL_PREFIX=/home/kwak/yolobot/install/yolobot_recognition
[0.307s] Invoking command in '/home/kwak/yolobot/build/yolobot_recognition': CMAKE_PREFIX_PATH=${CMAKE_PREFIX_PATH}:/opt/ros/foxy /usr/bin/cmake --build /home/kwak/yolobot/build/yolobot_recognition -- -j12 -l12
[0.337s] Invoked command in '/home/kwak/yolobot/build/yolobot_recognition' returned '0': CMAKE_PREFIX_PATH=${CMAKE_PREFIX_PATH}:/opt/ros/foxy /usr/bin/cmake --build /home/kwak/yolobot/build/yolobot_recognition -- -j12 -l12
[0.360s] Invoking command in '/home/kwak/yolobot/build/yolobot_recognition': CMAKE_PREFIX_PATH=${CMAKE_PREFIX_PATH}:/opt/ros/foxy /usr/bin/cmake --install /home/kwak/yolobot/build/yolobot_recognition
[0.366s] -- Install configuration: ""
[0.366s] -- Execute custom install script
[0.366s] -- Symlinking: /home/kwak/yolobot/install/yolobot_recognition/share/ament_index/resource_index/package_run_dependencies/yolobot_recognition
[0.375s] -- Symlinking: /home/kwak/yolobot/install/yolobot_recognition/share/ament_index/resource_index/parent_prefix_path/yolobot_recognition
[0.381s] -- Symlinking: /home/kwak/yolobot/install/yolobot_recognition/share/yolobot_recognition/environment/ament_prefix_path.sh
[0.388s] -- Symlinking: /home/kwak/yolobot/install/yolobot_recognition/share/yolobot_recognition/environment/ament_prefix_path.dsv
[0.395s] -- Symlinking: /home/kwak/yolobot/install/yolobot_recognition/share/yolobot_recognition/environment/path.sh
[0.402s] -- Symlinking: /home/kwak/yolobot/install/yolobot_recognition/share/yolobot_recognition/environment/path.dsv
[0.409s] -- Symlinking: /home/kwak/yolobot/install/yolobot_recognition/share/yolobot_recognition/local_setup.bash
[0.417s] -- Symlinking: /home/kwak/yolobot/install/yolobot_recognition/share/yolobot_recognition/local_setup.sh
[0.424s] -- Symlinking: /home/kwak/yolobot/install/yolobot_recognition/share/yolobot_recognition/local_setup.zsh
[0.432s] -- Symlinking: /home/kwak/yolobot/install/yolobot_recognition/share/yolobot_recognition/local_setup.dsv
[0.440s] -- Symlinking: /home/kwak/yolobot/install/yolobot_recognition/share/yolobot_recognition/package.dsv
[0.447s] -- Symlinking: /home/kwak/yolobot/install/yolobot_recognition/share/ament_index/resource_index/packages/yolobot_recognition
[0.455s] -- Symlinking: /home/kwak/yolobot/install/yolobot_recognition/share/yolobot_recognition/cmake/yolobot_recognitionConfig.cmake
[0.462s] -- Symlinking: /home/kwak/yolobot/install/yolobot_recognition/share/yolobot_recognition/cmake/yolobot_recognitionConfig-version.cmake
[0.470s] -- Symlinking: /home/kwak/yolobot/install/yolobot_recognition/share/yolobot_recognition/package.xml
[0.481s] Invoked command in '/home/kwak/yolobot/build/yolobot_recognition' returned '0': CMAKE_PREFIX_PATH=${CMAKE_PREFIX_PATH}:/opt/ros/foxy /usr/bin/cmake --install /home/kwak/yolobot/build/yolobot_recognition
