[0.021s] Invoking command in '/home/kwak/yolobot/build/yolobot_gazebo': CMAKE_PREFIX_PATH=${CMAKE_PREFIX_PATH}:/opt/ros/foxy /usr/bin/cmake --build /home/kwak/yolobot/build/yolobot_gazebo -- -j12 -l12
[0.061s] Invoked command in '/home/kwak/yolobot/build/yolobot_gazebo' returned '0': CMAKE_PREFIX_PATH=${CMAKE_PREFIX_PATH}:/opt/ros/foxy /usr/bin/cmake --build /home/kwak/yolobot/build/yolobot_gazebo -- -j12 -l12
[0.083s] Invoking command in '/home/kwak/yolobot/build/yolobot_gazebo': CMAKE_PREFIX_PATH=${CMAKE_PREFIX_PATH}:/opt/ros/foxy /usr/bin/cmake --install /home/kwak/yolobot/build/yolobot_gazebo
[0.092s] -- Install configuration: ""
[0.092s] -- Up-to-date: /home/kwak/yolobot/install/yolobot_gazebo/share/yolobot_gazebo//launch
[0.093s] -- Up-to-date: /home/kwak/yolobot/install/yolobot_gazebo/share/yolobot_gazebo//launch/yolobot_launch.py
[0.093s] -- Up-to-date: /home/kwak/yolobot/install/yolobot_gazebo/share/yolobot_gazebo//launch/start_world_launch.py
[0.093s] -- Up-to-date: /home/kwak/yolobot/install/yolobot_gazebo/share/yolobot_gazebo//worlds
[0.093s] -- Up-to-date: /home/kwak/yolobot/install/yolobot_gazebo/share/yolobot_gazebo//worlds/yolo_test.world
[0.093s] -- Up-to-date: /home/kwak/yolobot/install/yolobot_gazebo/share/ament_index/resource_index/package_run_dependencies/yolobot_gazebo
[0.094s] -- Up-to-date: /home/kwak/yolobot/install/yolobot_gazebo/share/ament_index/resource_index/parent_prefix_path/yolobot_gazebo
[0.094s] -- Up-to-date: /home/kwak/yolobot/install/yolobot_gazebo/share/yolobot_gazebo/environment/ament_prefix_path.sh
[0.094s] -- Up-to-date: /home/kwak/yolobot/install/yolobot_gazebo/share/yolobot_gazebo/environment/ament_prefix_path.dsv
[0.094s] -- Up-to-date: /home/kwak/yolobot/install/yolobot_gazebo/share/yolobot_gazebo/environment/path.sh
[0.094s] -- Up-to-date: /home/kwak/yolobot/install/yolobot_gazebo/share/yolobot_gazebo/environment/path.dsv
[0.094s] -- Up-to-date: /home/kwak/yolobot/install/yolobot_gazebo/share/yolobot_gazebo/local_setup.bash
[0.094s] -- Up-to-date: /home/kwak/yolobot/install/yolobot_gazebo/share/yolobot_gazebo/local_setup.sh
[0.095s] -- Up-to-date: /home/kwak/yolobot/install/yolobot_gazebo/share/yolobot_gazebo/local_setup.zsh
[0.095s] -- Up-to-date: /home/kwak/yolobot/install/yolobot_gazebo/share/yolobot_gazebo/local_setup.dsv
[0.095s] -- Installing: /home/kwak/yolobot/install/yolobot_gazebo/share/yolobot_gazebo/package.dsv
[0.095s] -- Up-to-date: /home/kwak/yolobot/install/yolobot_gazebo/share/ament_index/resource_index/packages/yolobot_gazebo
[0.095s] -- Up-to-date: /home/kwak/yolobot/install/yolobot_gazebo/share/yolobot_gazebo/cmake/yolobot_gazeboConfig.cmake
[0.095s] -- Up-to-date: /home/kwak/yolobot/install/yolobot_gazebo/share/yolobot_gazebo/cmake/yolobot_gazeboConfig-version.cmake
[0.095s] -- Up-to-date: /home/kwak/yolobot/install/yolobot_gazebo/share/yolobot_gazebo/package.xml
[0.109s] Invoked command in '/home/kwak/yolobot/build/yolobot_gazebo' returned '0': CMAKE_PREFIX_PATH=${CMAKE_PREFIX_PATH}:/opt/ros/foxy /usr/bin/cmake --install /home/kwak/yolobot/build/yolobot_gazebo
