[0.020s] Invoking command in '/home/kwak/yolobot/build/yolobot_recognition': CMAKE_PREFIX_PATH=/opt/ros/foxy /usr/bin/cmake --build /home/kwak/yolobot/build/yolobot_recognition -- -j12 -l12
[0.052s] Invoked command in '/home/kwak/yolobot/build/yolobot_recognition' returned '0': CMAKE_PREFIX_PATH=/opt/ros/foxy /usr/bin/cmake --build /home/kwak/yolobot/build/yolobot_recognition -- -j12 -l12
[0.078s] Invoking command in '/home/kwak/yolobot/build/yolobot_recognition': CMAKE_PREFIX_PATH=/opt/ros/foxy /usr/bin/cmake --install /home/kwak/yolobot/build/yolobot_recognition
[0.095s] -- Install configuration: ""
[0.095s] -- Up-to-date: /home/kwak/yolobot/install/yolobot_recognition/share/ament_index/resource_index/package_run_dependencies/yolobot_recognition
[0.096s] -- Up-to-date: /home/kwak/yolobot/install/yolobot_recognition/share/ament_index/resource_index/parent_prefix_path/yolobot_recognition
[0.096s] -- Up-to-date: /home/kwak/yolobot/install/yolobot_recognition/share/yolobot_recognition/environment/ament_prefix_path.sh
[0.096s] -- Up-to-date: /home/kwak/yolobot/install/yolobot_recognition/share/yolobot_recognition/environment/ament_prefix_path.dsv
[0.096s] -- Up-to-date: /home/kwak/yolobot/install/yolobot_recognition/share/yolobot_recognition/environment/path.sh
[0.097s] -- Up-to-date: /home/kwak/yolobot/install/yolobot_recognition/share/yolobot_recognition/environment/path.dsv
[0.097s] -- Up-to-date: /home/kwak/yolobot/install/yolobot_recognition/share/yolobot_recognition/local_setup.bash
[0.097s] -- Up-to-date: /home/kwak/yolobot/install/yolobot_recognition/share/yolobot_recognition/local_setup.sh
[0.097s] -- Up-to-date: /home/kwak/yolobot/install/yolobot_recognition/share/yolobot_recognition/local_setup.zsh
[0.098s] -- Up-to-date: /home/kwak/yolobot/install/yolobot_recognition/share/yolobot_recognition/local_setup.dsv
[0.098s] -- Up-to-date: /home/kwak/yolobot/install/yolobot_recognition/share/yolobot_recognition/package.dsv
[0.099s] -- Up-to-date: /home/kwak/yolobot/install/yolobot_recognition/share/ament_index/resource_index/packages/yolobot_recognition
[0.100s] -- Up-to-date: /home/kwak/yolobot/install/yolobot_recognition/share/yolobot_recognition/cmake/yolobot_recognitionConfig.cmake
[0.100s] -- Up-to-date: /home/kwak/yolobot/install/yolobot_recognition/share/yolobot_recognition/cmake/yolobot_recognitionConfig-version.cmake
[0.101s] -- Up-to-date: /home/kwak/yolobot/install/yolobot_recognition/share/yolobot_recognition/package.xml
[0.118s] Invoked command in '/home/kwak/yolobot/build/yolobot_recognition' returned '0': CMAKE_PREFIX_PATH=/opt/ros/foxy /usr/bin/cmake --install /home/kwak/yolobot/build/yolobot_recognition
