[0.032s] Invoking command in '/home/kwak/yolobot/build/yolobot_description': CMAKE_PREFIX_PATH=/opt/ros/foxy /usr/bin/cmake /home/kwak/yolobot/src/yolobot_description -DCMAKE_INSTALL_PREFIX=/home/kwak/yolobot/install/yolobot_description
[0.057s] -- Found ament_cmake: 0.9.9 (/opt/ros/foxy/share/ament_cmake/cmake)
[0.085s] -- Using PYTHON_EXECUTABLE: /usr/bin/python3
[0.336s] -- Override CMake install command with custom implementation using symlinks instead of copying resources
[0.346s] -- Found urdf: 2.4.0 (/opt/ros/foxy/share/urdf/cmake)
[0.374s] -- Found ament_lint_auto: 0.9.6 (/opt/ros/foxy/share/ament_lint_auto/cmake)
[0.463s] -- Added test 'copyright' to check source files copyright and LICENSE
[0.465s] -- Added test 'flake8' to check Python code syntax and style conventions
[0.466s] -- Added test 'lint_cmake' to check CMake code style
[0.466s] -- Added test 'pep257' to check Python code against some of the style conventions in PEP 257
[0.466s] -- Added test 'xmllint' to check XML markup files
[0.466s] -- Configuring done
[0.471s] -- Generating done
[0.473s] -- Build files have been written to: /home/kwak/yolobot/build/yolobot_description
[0.478s] Invoked command in '/home/kwak/yolobot/build/yolobot_description' returned '0': CMAKE_PREFIX_PATH=/opt/ros/foxy /usr/bin/cmake /home/kwak/yolobot/src/yolobot_description -DCMAKE_INSTALL_PREFIX=/home/kwak/yolobot/install/yolobot_description
[0.480s] Invoking command in '/home/kwak/yolobot/build/yolobot_description': CMAKE_PREFIX_PATH=/opt/ros/foxy /usr/bin/cmake --build /home/kwak/yolobot/build/yolobot_description -- -j12 -l12
[0.522s] Invoked command in '/home/kwak/yolobot/build/yolobot_description' returned '0': CMAKE_PREFIX_PATH=/opt/ros/foxy /usr/bin/cmake --build /home/kwak/yolobot/build/yolobot_description -- -j12 -l12
[0.548s] Invoking command in '/home/kwak/yolobot/build/yolobot_description': CMAKE_PREFIX_PATH=/opt/ros/foxy /usr/bin/cmake --install /home/kwak/yolobot/build/yolobot_description
[0.559s] -- Install configuration: ""
[0.559s] -- Execute custom install script
[0.560s] -- Up-to-date symlink: /home/kwak/yolobot/install/yolobot_description/share/yolobot_description//launch/spawn_yolobot.py
[0.560s] -- Up-to-date symlink: /home/kwak/yolobot/install/yolobot_description/share/yolobot_description//launch/spawn_yolobot_launch.launch.py
[0.560s] -- Up-to-date symlink: /home/kwak/yolobot/install/yolobot_description/share/yolobot_description//robot/yolobot.urdf
[0.560s] -- Up-to-date symlink: /home/kwak/yolobot/install/yolobot_description/lib/yolobot_description/spawn_yolobot.py
[0.560s] -- Up-to-date symlink: /home/kwak/yolobot/install/yolobot_description/share/ament_index/resource_index/package_run_dependencies/yolobot_description
[0.561s] -- Up-to-date symlink: /home/kwak/yolobot/install/yolobot_description/share/ament_index/resource_index/parent_prefix_path/yolobot_description
[0.561s] -- Up-to-date symlink: /home/kwak/yolobot/install/yolobot_description/share/yolobot_description/environment/ament_prefix_path.sh
[0.563s] -- Up-to-date symlink: /home/kwak/yolobot/install/yolobot_description/share/yolobot_description/environment/ament_prefix_path.dsv
[0.564s] -- Up-to-date symlink: /home/kwak/yolobot/install/yolobot_description/share/yolobot_description/environment/path.sh
[0.564s] -- Up-to-date symlink: /home/kwak/yolobot/install/yolobot_description/share/yolobot_description/environment/path.dsv
[0.564s] -- Up-to-date symlink: /home/kwak/yolobot/install/yolobot_description/share/yolobot_description/local_setup.bash
[0.564s] -- Up-to-date symlink: /home/kwak/yolobot/install/yolobot_description/share/yolobot_description/local_setup.sh
[0.564s] -- Up-to-date symlink: /home/kwak/yolobot/install/yolobot_description/share/yolobot_description/local_setup.zsh
[0.565s] -- Up-to-date symlink: /home/kwak/yolobot/install/yolobot_description/share/yolobot_description/local_setup.dsv
[0.565s] -- Symlinking: /home/kwak/yolobot/install/yolobot_description/share/yolobot_description/package.dsv
[0.578s] -- Up-to-date symlink: /home/kwak/yolobot/install/yolobot_description/share/ament_index/resource_index/packages/yolobot_description
[0.578s] -- Up-to-date symlink: /home/kwak/yolobot/install/yolobot_description/share/yolobot_description/cmake/yolobot_descriptionConfig.cmake
[0.578s] -- Up-to-date symlink: /home/kwak/yolobot/install/yolobot_description/share/yolobot_description/cmake/yolobot_descriptionConfig-version.cmake
[0.579s] -- Up-to-date symlink: /home/kwak/yolobot/install/yolobot_description/share/yolobot_description/package.xml
[0.611s] Invoked command in '/home/kwak/yolobot/build/yolobot_description' returned '0': CMAKE_PREFIX_PATH=/opt/ros/foxy /usr/bin/cmake --install /home/kwak/yolobot/build/yolobot_description
