[0.098s] DEBUG:colcon:Command line arguments: ['/usr/bin/colcon', 'build']
[0.098s] DEBUG:colcon:Parsed command line arguments: Namespace(allow_overriding=[], ament_cmake_args=None, base_paths=['.'], build_base='build', catkin_cmake_args=None, catkin_skip_building_tests=False, cmake_args=None, cmake_clean_cache=False, cmake_clean_first=False, cmake_force_configure=False, cmake_target=None, cmake_target_skip_unavailable=False, continue_on_error=False, event_handlers=None, executor='parallel', ignore_user_meta=False, install_base='install', log_base=None, log_level=None, main=<bound method BuildVerb.main of <colcon_core.verb.build.BuildVerb object at 0x7f8576c9edf0>>, merge_install=False, metas=['./colcon.meta'], packages_above=None, packages_above_and_dependencies=None, packages_above_depth=None, packages_end=None, packages_ignore=None, packages_ignore_regex=None, packages_select=None, packages_select_build_failed=False, packages_select_by_dep=None, packages_select_regex=None, packages_select_test_failures=False, packages_skip=None, packages_skip_build_finished=False, packages_skip_by_dep=None, packages_skip_regex=None, packages_skip_test_passed=False, packages_skip_up_to=None, packages_start=None, packages_up_to=None, packages_up_to_regex=None, parallel_workers=12, paths=None, symlink_install=False, test_result_base=None, verb_extension=<colcon_core.verb.build.BuildVerb object at 0x7f8576c9edf0>, verb_name='build', verb_parser=<colcon_defaults.argument_parser.defaults.DefaultArgumentsDecorator object at 0x7f8576ca93a0>)
[0.117s] Level 1:colcon.colcon_core.package_discovery:discover_packages(colcon_meta) check parameters
[0.117s] Level 1:colcon.colcon_core.package_discovery:discover_packages(recursive) check parameters
[0.117s] Level 1:colcon.colcon_core.package_discovery:discover_packages(ignore) check parameters
[0.117s] Level 1:colcon.colcon_core.package_discovery:discover_packages(path) check parameters
[0.117s] Level 1:colcon.colcon_core.package_discovery:discover_packages(colcon_meta) discover
[0.117s] Level 1:colcon.colcon_core.package_discovery:discover_packages(recursive) discover
[0.117s] INFO:colcon.colcon_core.package_discovery:Crawling recursively for packages in '/home/kwak/yolobot'
[0.117s] Level 1:colcon.colcon_core.package_identification:_identify(.) by extensions ['ignore', 'ignore_ament_install']
[0.117s] Level 1:colcon.colcon_core.package_identification:_identify(.) by extension 'ignore'
[0.117s] Level 1:colcon.colcon_core.package_identification:_identify(.) by extension 'ignore_ament_install'
[0.117s] Level 1:colcon.colcon_core.package_identification:_identify(.) by extensions ['colcon_pkg']
[0.117s] Level 1:colcon.colcon_core.package_identification:_identify(.) by extension 'colcon_pkg'
[0.117s] Level 1:colcon.colcon_core.package_identification:_identify(.) by extensions ['colcon_meta']
[0.117s] Level 1:colcon.colcon_core.package_identification:_identify(.) by extension 'colcon_meta'
[0.117s] Level 1:colcon.colcon_core.package_identification:_identify(.) by extensions ['ros']
[0.117s] Level 1:colcon.colcon_core.package_identification:_identify(.) by extension 'ros'
[0.125s] Level 1:colcon.colcon_core.package_identification:_identify(.) by extensions ['cmake', 'python']
[0.125s] Level 1:colcon.colcon_core.package_identification:_identify(.) by extension 'cmake'
[0.125s] Level 1:colcon.colcon_core.package_identification:_identify(.) by extension 'python'
[0.125s] Level 1:colcon.colcon_core.package_identification:_identify(.) by extensions ['python_setup_py']
[0.125s] Level 1:colcon.colcon_core.package_identification:_identify(.) by extension 'python_setup_py'
[0.125s] Level 1:colcon.colcon_core.package_identification:_identify(build) by extensions ['ignore', 'ignore_ament_install']
[0.125s] Level 1:colcon.colcon_core.package_identification:_identify(build) by extension 'ignore'
[0.125s] Level 1:colcon.colcon_core.package_identification:_identify(build) ignored
[0.125s] Level 1:colcon.colcon_core.package_identification:_identify(install) by extensions ['ignore', 'ignore_ament_install']
[0.125s] Level 1:colcon.colcon_core.package_identification:_identify(install) by extension 'ignore'
[0.126s] Level 1:colcon.colcon_core.package_identification:_identify(install) ignored
[0.126s] Level 1:colcon.colcon_core.package_identification:_identify(log) by extensions ['ignore', 'ignore_ament_install']
[0.126s] Level 1:colcon.colcon_core.package_identification:_identify(log) by extension 'ignore'
[0.126s] Level 1:colcon.colcon_core.package_identification:_identify(log) ignored
[0.126s] Level 1:colcon.colcon_core.package_identification:_identify(src) by extensions ['ignore', 'ignore_ament_install']
[0.126s] Level 1:colcon.colcon_core.package_identification:_identify(src) by extension 'ignore'
[0.126s] Level 1:colcon.colcon_core.package_identification:_identify(src) by extension 'ignore_ament_install'
[0.126s] Level 1:colcon.colcon_core.package_identification:_identify(src) by extensions ['colcon_pkg']
[0.126s] Level 1:colcon.colcon_core.package_identification:_identify(src) by extension 'colcon_pkg'
[0.126s] Level 1:colcon.colcon_core.package_identification:_identify(src) by extensions ['colcon_meta']
[0.126s] Level 1:colcon.colcon_core.package_identification:_identify(src) by extension 'colcon_meta'
[0.126s] Level 1:colcon.colcon_core.package_identification:_identify(src) by extensions ['ros']
[0.126s] Level 1:colcon.colcon_core.package_identification:_identify(src) by extension 'ros'
[0.126s] Level 1:colcon.colcon_core.package_identification:_identify(src) by extensions ['cmake', 'python']
[0.126s] Level 1:colcon.colcon_core.package_identification:_identify(src) by extension 'cmake'
[0.126s] Level 1:colcon.colcon_core.package_identification:_identify(src) by extension 'python'
[0.126s] Level 1:colcon.colcon_core.package_identification:_identify(src) by extensions ['python_setup_py']
[0.126s] Level 1:colcon.colcon_core.package_identification:_identify(src) by extension 'python_setup_py'
[0.126s] Level 1:colcon.colcon_core.package_identification:_identify(src/yolobot_control) by extensions ['ignore', 'ignore_ament_install']
[0.126s] Level 1:colcon.colcon_core.package_identification:_identify(src/yolobot_control) by extension 'ignore'
[0.126s] Level 1:colcon.colcon_core.package_identification:_identify(src/yolobot_control) by extension 'ignore_ament_install'
[0.127s] Level 1:colcon.colcon_core.package_identification:_identify(src/yolobot_control) by extensions ['colcon_pkg']
[0.127s] Level 1:colcon.colcon_core.package_identification:_identify(src/yolobot_control) by extension 'colcon_pkg'
[0.127s] Level 1:colcon.colcon_core.package_identification:_identify(src/yolobot_control) by extensions ['colcon_meta']
[0.127s] Level 1:colcon.colcon_core.package_identification:_identify(src/yolobot_control) by extension 'colcon_meta'
[0.127s] Level 1:colcon.colcon_core.package_identification:_identify(src/yolobot_control) by extensions ['ros']
[0.127s] Level 1:colcon.colcon_core.package_identification:_identify(src/yolobot_control) by extension 'ros'
[0.130s] DEBUG:colcon.colcon_core.package_identification:Package 'src/yolobot_control' with type 'ros.ament_cmake' and name 'yolobot_control'
[0.130s] Level 1:colcon.colcon_core.package_identification:_identify(src/yolobot_description) by extensions ['ignore', 'ignore_ament_install']
[0.130s] Level 1:colcon.colcon_core.package_identification:_identify(src/yolobot_description) by extension 'ignore'
[0.130s] Level 1:colcon.colcon_core.package_identification:_identify(src/yolobot_description) by extension 'ignore_ament_install'
[0.130s] Level 1:colcon.colcon_core.package_identification:_identify(src/yolobot_description) by extensions ['colcon_pkg']
[0.130s] Level 1:colcon.colcon_core.package_identification:_identify(src/yolobot_description) by extension 'colcon_pkg'
[0.130s] Level 1:colcon.colcon_core.package_identification:_identify(src/yolobot_description) by extensions ['colcon_meta']
[0.130s] Level 1:colcon.colcon_core.package_identification:_identify(src/yolobot_description) by extension 'colcon_meta'
[0.130s] Level 1:colcon.colcon_core.package_identification:_identify(src/yolobot_description) by extensions ['ros']
[0.130s] Level 1:colcon.colcon_core.package_identification:_identify(src/yolobot_description) by extension 'ros'
[0.130s] DEBUG:colcon.colcon_core.package_identification:Package 'src/yolobot_description' with type 'ros.ament_cmake' and name 'yolobot_description'
[0.131s] Level 1:colcon.colcon_core.package_identification:_identify(src/yolobot_gazebo) by extensions ['ignore', 'ignore_ament_install']
[0.131s] Level 1:colcon.colcon_core.package_identification:_identify(src/yolobot_gazebo) by extension 'ignore'
[0.131s] Level 1:colcon.colcon_core.package_identification:_identify(src/yolobot_gazebo) by extension 'ignore_ament_install'
[0.131s] Level 1:colcon.colcon_core.package_identification:_identify(src/yolobot_gazebo) by extensions ['colcon_pkg']
[0.131s] Level 1:colcon.colcon_core.package_identification:_identify(src/yolobot_gazebo) by extension 'colcon_pkg'
[0.131s] Level 1:colcon.colcon_core.package_identification:_identify(src/yolobot_gazebo) by extensions ['colcon_meta']
[0.131s] Level 1:colcon.colcon_core.package_identification:_identify(src/yolobot_gazebo) by extension 'colcon_meta'
[0.131s] Level 1:colcon.colcon_core.package_identification:_identify(src/yolobot_gazebo) by extensions ['ros']
[0.131s] Level 1:colcon.colcon_core.package_identification:_identify(src/yolobot_gazebo) by extension 'ros'
[0.131s] DEBUG:colcon.colcon_core.package_identification:Package 'src/yolobot_gazebo' with type 'ros.ament_cmake' and name 'yolobot_gazebo'
[0.131s] Level 1:colcon.colcon_core.package_identification:_identify(src/yolobot_recognition) by extensions ['ignore', 'ignore_ament_install']
[0.131s] Level 1:colcon.colcon_core.package_identification:_identify(src/yolobot_recognition) by extension 'ignore'
[0.132s] Level 1:colcon.colcon_core.package_identification:_identify(src/yolobot_recognition) by extension 'ignore_ament_install'
[0.132s] Level 1:colcon.colcon_core.package_identification:_identify(src/yolobot_recognition) by extensions ['colcon_pkg']
[0.132s] Level 1:colcon.colcon_core.package_identification:_identify(src/yolobot_recognition) by extension 'colcon_pkg'
[0.132s] Level 1:colcon.colcon_core.package_identification:_identify(src/yolobot_recognition) by extensions ['colcon_meta']
[0.132s] Level 1:colcon.colcon_core.package_identification:_identify(src/yolobot_recognition) by extension 'colcon_meta'
[0.132s] Level 1:colcon.colcon_core.package_identification:_identify(src/yolobot_recognition) by extensions ['ros']
[0.132s] Level 1:colcon.colcon_core.package_identification:_identify(src/yolobot_recognition) by extension 'ros'
[0.132s] DEBUG:colcon.colcon_core.package_identification:Package 'src/yolobot_recognition' with type 'ros.ament_cmake' and name 'yolobot_recognition'
[0.132s] Level 1:colcon.colcon_core.package_discovery:discover_packages(recursive) using defaults
[0.132s] Level 1:colcon.colcon_core.package_discovery:discover_packages(ignore) discover
[0.132s] Level 1:colcon.colcon_core.package_discovery:discover_packages(ignore) using defaults
[0.132s] Level 1:colcon.colcon_core.package_discovery:discover_packages(path) discover
[0.132s] Level 1:colcon.colcon_core.package_discovery:discover_packages(path) using defaults
[0.146s] Level 1:colcon.colcon_core.package_discovery:discover_packages(prefix_path) check parameters
[0.146s] Level 1:colcon.colcon_core.package_discovery:discover_packages(prefix_path) discover
[0.148s] DEBUG:colcon.colcon_installed_package_information.package_discovery:Found 258 installed packages in /opt/ros/foxy
[0.149s] Level 1:colcon.colcon_core.package_discovery:discover_packages(prefix_path) using defaults
[0.208s] Level 5:colcon.colcon_core.verb:set package 'yolobot_control' build argument 'cmake_args' from command line to 'None'
[0.208s] Level 5:colcon.colcon_core.verb:set package 'yolobot_control' build argument 'cmake_target' from command line to 'None'
[0.208s] Level 5:colcon.colcon_core.verb:set package 'yolobot_control' build argument 'cmake_target_skip_unavailable' from command line to 'False'
[0.208s] Level 5:colcon.colcon_core.verb:set package 'yolobot_control' build argument 'cmake_clean_cache' from command line to 'False'
[0.208s] Level 5:colcon.colcon_core.verb:set package 'yolobot_control' build argument 'cmake_clean_first' from command line to 'False'
[0.208s] Level 5:colcon.colcon_core.verb:set package 'yolobot_control' build argument 'cmake_force_configure' from command line to 'False'
[0.208s] Level 5:colcon.colcon_core.verb:set package 'yolobot_control' build argument 'ament_cmake_args' from command line to 'None'
[0.208s] Level 5:colcon.colcon_core.verb:set package 'yolobot_control' build argument 'catkin_cmake_args' from command line to 'None'
[0.208s] Level 5:colcon.colcon_core.verb:set package 'yolobot_control' build argument 'catkin_skip_building_tests' from command line to 'False'
[0.208s] DEBUG:colcon.colcon_core.verb:Building package 'yolobot_control' with the following arguments: {'ament_cmake_args': None, 'build_base': '/home/kwak/yolobot/build/yolobot_control', 'catkin_cmake_args': None, 'catkin_skip_building_tests': False, 'cmake_args': None, 'cmake_clean_cache': False, 'cmake_clean_first': False, 'cmake_force_configure': False, 'cmake_target': None, 'cmake_target_skip_unavailable': False, 'install_base': '/home/kwak/yolobot/install/yolobot_control', 'merge_install': False, 'path': '/home/kwak/yolobot/src/yolobot_control', 'symlink_install': False, 'test_result_base': None}
[0.209s] Level 5:colcon.colcon_core.verb:set package 'yolobot_description' build argument 'cmake_args' from command line to 'None'
[0.209s] Level 5:colcon.colcon_core.verb:set package 'yolobot_description' build argument 'cmake_target' from command line to 'None'
[0.209s] Level 5:colcon.colcon_core.verb:set package 'yolobot_description' build argument 'cmake_target_skip_unavailable' from command line to 'False'
[0.209s] Level 5:colcon.colcon_core.verb:set package 'yolobot_description' build argument 'cmake_clean_cache' from command line to 'False'
[0.209s] Level 5:colcon.colcon_core.verb:set package 'yolobot_description' build argument 'cmake_clean_first' from command line to 'False'
[0.209s] Level 5:colcon.colcon_core.verb:set package 'yolobot_description' build argument 'cmake_force_configure' from command line to 'False'
[0.209s] Level 5:colcon.colcon_core.verb:set package 'yolobot_description' build argument 'ament_cmake_args' from command line to 'None'
[0.209s] Level 5:colcon.colcon_core.verb:set package 'yolobot_description' build argument 'catkin_cmake_args' from command line to 'None'
[0.209s] Level 5:colcon.colcon_core.verb:set package 'yolobot_description' build argument 'catkin_skip_building_tests' from command line to 'False'
[0.209s] DEBUG:colcon.colcon_core.verb:Building package 'yolobot_description' with the following arguments: {'ament_cmake_args': None, 'build_base': '/home/kwak/yolobot/build/yolobot_description', 'catkin_cmake_args': None, 'catkin_skip_building_tests': False, 'cmake_args': None, 'cmake_clean_cache': False, 'cmake_clean_first': False, 'cmake_force_configure': False, 'cmake_target': None, 'cmake_target_skip_unavailable': False, 'install_base': '/home/kwak/yolobot/install/yolobot_description', 'merge_install': False, 'path': '/home/kwak/yolobot/src/yolobot_description', 'symlink_install': False, 'test_result_base': None}
[0.209s] Level 5:colcon.colcon_core.verb:set package 'yolobot_gazebo' build argument 'cmake_args' from command line to 'None'
[0.209s] Level 5:colcon.colcon_core.verb:set package 'yolobot_gazebo' build argument 'cmake_target' from command line to 'None'
[0.209s] Level 5:colcon.colcon_core.verb:set package 'yolobot_gazebo' build argument 'cmake_target_skip_unavailable' from command line to 'False'
[0.209s] Level 5:colcon.colcon_core.verb:set package 'yolobot_gazebo' build argument 'cmake_clean_cache' from command line to 'False'
[0.209s] Level 5:colcon.colcon_core.verb:set package 'yolobot_gazebo' build argument 'cmake_clean_first' from command line to 'False'
[0.209s] Level 5:colcon.colcon_core.verb:set package 'yolobot_gazebo' build argument 'cmake_force_configure' from command line to 'False'
[0.209s] Level 5:colcon.colcon_core.verb:set package 'yolobot_gazebo' build argument 'ament_cmake_args' from command line to 'None'
[0.209s] Level 5:colcon.colcon_core.verb:set package 'yolobot_gazebo' build argument 'catkin_cmake_args' from command line to 'None'
[0.209s] Level 5:colcon.colcon_core.verb:set package 'yolobot_gazebo' build argument 'catkin_skip_building_tests' from command line to 'False'
[0.209s] DEBUG:colcon.colcon_core.verb:Building package 'yolobot_gazebo' with the following arguments: {'ament_cmake_args': None, 'build_base': '/home/kwak/yolobot/build/yolobot_gazebo', 'catkin_cmake_args': None, 'catkin_skip_building_tests': False, 'cmake_args': None, 'cmake_clean_cache': False, 'cmake_clean_first': False, 'cmake_force_configure': False, 'cmake_target': None, 'cmake_target_skip_unavailable': False, 'install_base': '/home/kwak/yolobot/install/yolobot_gazebo', 'merge_install': False, 'path': '/home/kwak/yolobot/src/yolobot_gazebo', 'symlink_install': False, 'test_result_base': None}
[0.210s] Level 5:colcon.colcon_core.verb:set package 'yolobot_recognition' build argument 'cmake_args' from command line to 'None'
[0.210s] Level 5:colcon.colcon_core.verb:set package 'yolobot_recognition' build argument 'cmake_target' from command line to 'None'
[0.210s] Level 5:colcon.colcon_core.verb:set package 'yolobot_recognition' build argument 'cmake_target_skip_unavailable' from command line to 'False'
[0.210s] Level 5:colcon.colcon_core.verb:set package 'yolobot_recognition' build argument 'cmake_clean_cache' from command line to 'False'
[0.210s] Level 5:colcon.colcon_core.verb:set package 'yolobot_recognition' build argument 'cmake_clean_first' from command line to 'False'
[0.210s] Level 5:colcon.colcon_core.verb:set package 'yolobot_recognition' build argument 'cmake_force_configure' from command line to 'False'
[0.210s] Level 5:colcon.colcon_core.verb:set package 'yolobot_recognition' build argument 'ament_cmake_args' from command line to 'None'
[0.210s] Level 5:colcon.colcon_core.verb:set package 'yolobot_recognition' build argument 'catkin_cmake_args' from command line to 'None'
[0.210s] Level 5:colcon.colcon_core.verb:set package 'yolobot_recognition' build argument 'catkin_skip_building_tests' from command line to 'False'
[0.210s] DEBUG:colcon.colcon_core.verb:Building package 'yolobot_recognition' with the following arguments: {'ament_cmake_args': None, 'build_base': '/home/kwak/yolobot/build/yolobot_recognition', 'catkin_cmake_args': None, 'catkin_skip_building_tests': False, 'cmake_args': None, 'cmake_clean_cache': False, 'cmake_clean_first': False, 'cmake_force_configure': False, 'cmake_target': None, 'cmake_target_skip_unavailable': False, 'install_base': '/home/kwak/yolobot/install/yolobot_recognition', 'merge_install': False, 'path': '/home/kwak/yolobot/src/yolobot_recognition', 'symlink_install': False, 'test_result_base': None}
[0.210s] INFO:colcon.colcon_core.executor:Executing jobs using 'parallel' executor
[0.212s] DEBUG:colcon.colcon_parallel_executor.executor.parallel:run_until_complete
[0.213s] INFO:colcon.colcon_ros.task.ament_cmake.build:Building ROS package in '/home/kwak/yolobot/src/yolobot_control' with build type 'ament_cmake'
[0.213s] INFO:colcon.colcon_cmake.task.cmake.build:Building CMake package in '/home/kwak/yolobot/src/yolobot_control'
[0.216s] INFO:colcon.colcon_core.plugin_system:Skipping extension 'colcon_core.shell.bat': Not used on non-Windows systems
[0.216s] INFO:colcon.colcon_core.shell:Skip shell extension 'powershell' for command environment: Not usable outside of PowerShell
[0.216s] DEBUG:colcon.colcon_core.shell:Skip shell extension 'dsv' for command environment
[0.219s] INFO:colcon.colcon_ros.task.ament_cmake.build:Building ROS package in '/home/kwak/yolobot/src/yolobot_description' with build type 'ament_cmake'
[0.220s] INFO:colcon.colcon_cmake.task.cmake.build:Building CMake package in '/home/kwak/yolobot/src/yolobot_description'
[0.220s] INFO:colcon.colcon_core.shell:Skip shell extension 'powershell' for command environment: Not usable outside of PowerShell
[0.220s] DEBUG:colcon.colcon_core.shell:Skip shell extension 'dsv' for command environment
[0.223s] INFO:colcon.colcon_ros.task.ament_cmake.build:Building ROS package in '/home/kwak/yolobot/src/yolobot_gazebo' with build type 'ament_cmake'
[0.223s] INFO:colcon.colcon_cmake.task.cmake.build:Building CMake package in '/home/kwak/yolobot/src/yolobot_gazebo'
[0.224s] INFO:colcon.colcon_core.shell:Skip shell extension 'powershell' for command environment: Not usable outside of PowerShell
[0.224s] DEBUG:colcon.colcon_core.shell:Skip shell extension 'dsv' for command environment
[0.228s] INFO:colcon.colcon_ros.task.ament_cmake.build:Building ROS package in '/home/kwak/yolobot/src/yolobot_recognition' with build type 'ament_cmake'
[0.228s] INFO:colcon.colcon_cmake.task.cmake.build:Building CMake package in '/home/kwak/yolobot/src/yolobot_recognition'
[0.229s] INFO:colcon.colcon_core.shell:Skip shell extension 'powershell' for command environment: Not usable outside of PowerShell
[0.229s] DEBUG:colcon.colcon_core.shell:Skip shell extension 'dsv' for command environment
[0.238s] DEBUG:colcon.colcon_core.event_handler.log_command:Invoking command in '/home/kwak/yolobot/build/yolobot_control': CMAKE_PREFIX_PATH=/opt/ros/foxy /usr/bin/cmake /home/kwak/yolobot/src/yolobot_control -DCMAKE_INSTALL_PREFIX=/home/kwak/yolobot/install/yolobot_control
[0.241s] DEBUG:colcon.colcon_core.event_handler.log_command:Invoking command in '/home/kwak/yolobot/build/yolobot_description': CMAKE_PREFIX_PATH=/opt/ros/foxy /usr/bin/cmake /home/kwak/yolobot/src/yolobot_description -DCMAKE_INSTALL_PREFIX=/home/kwak/yolobot/install/yolobot_description
[0.243s] DEBUG:colcon.colcon_core.event_handler.log_command:Invoking command in '/home/kwak/yolobot/build/yolobot_gazebo': CMAKE_PREFIX_PATH=/opt/ros/foxy /usr/bin/cmake /home/kwak/yolobot/src/yolobot_gazebo -DCMAKE_INSTALL_PREFIX=/home/kwak/yolobot/install/yolobot_gazebo
[0.246s] DEBUG:colcon.colcon_core.event_handler.log_command:Invoking command in '/home/kwak/yolobot/build/yolobot_recognition': CMAKE_PREFIX_PATH=/opt/ros/foxy /usr/bin/cmake /home/kwak/yolobot/src/yolobot_recognition -DCMAKE_INSTALL_PREFIX=/home/kwak/yolobot/install/yolobot_recognition
[0.951s] DEBUG:colcon.colcon_core.event_handler.log_command:Invoked command in '/home/kwak/yolobot/build/yolobot_control' returned '0': CMAKE_PREFIX_PATH=/opt/ros/foxy /usr/bin/cmake /home/kwak/yolobot/src/yolobot_control -DCMAKE_INSTALL_PREFIX=/home/kwak/yolobot/install/yolobot_control
[0.954s] DEBUG:colcon.colcon_core.event_handler.log_command:Invoking command in '/home/kwak/yolobot/build/yolobot_control': CMAKE_PREFIX_PATH=/opt/ros/foxy /usr/bin/cmake --build /home/kwak/yolobot/build/yolobot_control -- -j12 -l12
[0.957s] DEBUG:colcon.colcon_core.event_handler.log_command:Invoked command in '/home/kwak/yolobot/build/yolobot_gazebo' returned '0': CMAKE_PREFIX_PATH=/opt/ros/foxy /usr/bin/cmake /home/kwak/yolobot/src/yolobot_gazebo -DCMAKE_INSTALL_PREFIX=/home/kwak/yolobot/install/yolobot_gazebo
[0.958s] DEBUG:colcon.colcon_core.event_handler.log_command:Invoking command in '/home/kwak/yolobot/build/yolobot_gazebo': CMAKE_PREFIX_PATH=/opt/ros/foxy /usr/bin/cmake --build /home/kwak/yolobot/build/yolobot_gazebo -- -j12 -l12
[0.962s] DEBUG:colcon.colcon_core.event_handler.log_command:Invoked command in '/home/kwak/yolobot/build/yolobot_recognition' returned '0': CMAKE_PREFIX_PATH=/opt/ros/foxy /usr/bin/cmake /home/kwak/yolobot/src/yolobot_recognition -DCMAKE_INSTALL_PREFIX=/home/kwak/yolobot/install/yolobot_recognition
[0.964s] DEBUG:colcon.colcon_core.event_handler.log_command:Invoking command in '/home/kwak/yolobot/build/yolobot_recognition': CMAKE_PREFIX_PATH=/opt/ros/foxy /usr/bin/cmake --build /home/kwak/yolobot/build/yolobot_recognition -- -j12 -l12
[0.981s] DEBUG:colcon.colcon_core.event_handler.log_command:Invoked command in '/home/kwak/yolobot/build/yolobot_description' returned '0': CMAKE_PREFIX_PATH=/opt/ros/foxy /usr/bin/cmake /home/kwak/yolobot/src/yolobot_description -DCMAKE_INSTALL_PREFIX=/home/kwak/yolobot/install/yolobot_description
[0.984s] DEBUG:colcon.colcon_core.event_handler.log_command:Invoking command in '/home/kwak/yolobot/build/yolobot_description': CMAKE_PREFIX_PATH=/opt/ros/foxy /usr/bin/cmake --build /home/kwak/yolobot/build/yolobot_description -- -j12 -l12
[0.985s] DEBUG:colcon.colcon_core.event_handler.log_command:Invoked command in '/home/kwak/yolobot/build/yolobot_control' returned '0': CMAKE_PREFIX_PATH=/opt/ros/foxy /usr/bin/cmake --build /home/kwak/yolobot/build/yolobot_control -- -j12 -l12
[0.989s] DEBUG:colcon.colcon_core.event_handler.log_command:Invoked command in '/home/kwak/yolobot/build/yolobot_gazebo' returned '0': CMAKE_PREFIX_PATH=/opt/ros/foxy /usr/bin/cmake --build /home/kwak/yolobot/build/yolobot_gazebo -- -j12 -l12
[0.995s] DEBUG:colcon.colcon_core.event_handler.log_command:Invoked command in '/home/kwak/yolobot/build/yolobot_recognition' returned '0': CMAKE_PREFIX_PATH=/opt/ros/foxy /usr/bin/cmake --build /home/kwak/yolobot/build/yolobot_recognition -- -j12 -l12
[1.009s] DEBUG:colcon.colcon_core.event_handler.log_command:Invoking command in '/home/kwak/yolobot/build/yolobot_control': CMAKE_PREFIX_PATH=/opt/ros/foxy /usr/bin/cmake --install /home/kwak/yolobot/build/yolobot_control
[1.011s] DEBUG:colcon.colcon_core.event_handler.log_command:Invoking command in '/home/kwak/yolobot/build/yolobot_gazebo': CMAKE_PREFIX_PATH=/opt/ros/foxy /usr/bin/cmake --install /home/kwak/yolobot/build/yolobot_gazebo
[1.014s] DEBUG:colcon.colcon_core.event_handler.log_command:Invoking command in '/home/kwak/yolobot/build/yolobot_recognition': CMAKE_PREFIX_PATH=/opt/ros/foxy /usr/bin/cmake --install /home/kwak/yolobot/build/yolobot_recognition
[1.015s] DEBUG:colcon.colcon_core.event_handler.log_command:Invoked command in '/home/kwak/yolobot/build/yolobot_description' returned '0': CMAKE_PREFIX_PATH=/opt/ros/foxy /usr/bin/cmake --build /home/kwak/yolobot/build/yolobot_description -- -j12 -l12
[1.019s] Level 1:colcon.colcon_core.environment:create_environment_scripts_only(yolobot_control)
[1.022s] DEBUG:colcon.colcon_core.event_handler.log_command:Invoked command in '/home/kwak/yolobot/build/yolobot_control' returned '0': CMAKE_PREFIX_PATH=/opt/ros/foxy /usr/bin/cmake --install /home/kwak/yolobot/build/yolobot_control
[1.028s] Level 1:colcon.colcon_core.environment:checking '/home/kwak/yolobot/install/yolobot_control' for CMake module files
[1.028s] Level 1:colcon.colcon_core.environment:checking '/home/kwak/yolobot/install/yolobot_control' for CMake config files
[1.028s] Level 1:colcon.colcon_core.shell:create_environment_hook('yolobot_control', 'cmake_prefix_path')
[1.029s] INFO:colcon.colcon_core.shell:Creating environment hook '/home/kwak/yolobot/install/yolobot_control/share/yolobot_control/hook/cmake_prefix_path.ps1'
[1.030s] INFO:colcon.colcon_core.shell:Creating environment descriptor '/home/kwak/yolobot/install/yolobot_control/share/yolobot_control/hook/cmake_prefix_path.dsv'
[1.030s] INFO:colcon.colcon_core.shell:Creating environment hook '/home/kwak/yolobot/install/yolobot_control/share/yolobot_control/hook/cmake_prefix_path.sh'
[1.031s] Level 1:colcon.colcon_core.environment:checking '/home/kwak/yolobot/install/yolobot_control/lib'
[1.031s] Level 1:colcon.colcon_core.environment:checking '/home/kwak/yolobot/install/yolobot_control/bin'
[1.031s] Level 1:colcon.colcon_core.environment:checking '/home/kwak/yolobot/install/yolobot_control/lib/pkgconfig/yolobot_control.pc'
[1.031s] Level 1:colcon.colcon_core.environment:checking '/home/kwak/yolobot/install/yolobot_control/lib/python3.8/site-packages'
[1.031s] Level 1:colcon.colcon_core.environment:checking '/home/kwak/yolobot/install/yolobot_control/bin'
[1.032s] INFO:colcon.colcon_core.shell:Creating package script '/home/kwak/yolobot/install/yolobot_control/share/yolobot_control/package.ps1'
[1.032s] INFO:colcon.colcon_core.shell:Creating package descriptor '/home/kwak/yolobot/install/yolobot_control/share/yolobot_control/package.dsv'
[1.033s] INFO:colcon.colcon_core.shell:Creating package script '/home/kwak/yolobot/install/yolobot_control/share/yolobot_control/package.sh'
[1.033s] INFO:colcon.colcon_core.shell:Creating package script '/home/kwak/yolobot/install/yolobot_control/share/yolobot_control/package.bash'
[1.034s] INFO:colcon.colcon_core.shell:Creating package script '/home/kwak/yolobot/install/yolobot_control/share/yolobot_control/package.zsh'
[1.035s] Level 1:colcon.colcon_core.environment:create_file_with_runtime_dependencies(/home/kwak/yolobot/install/yolobot_control/share/colcon-core/packages/yolobot_control)
[1.039s] DEBUG:colcon.colcon_core.event_handler.log_command:Invoking command in '/home/kwak/yolobot/build/yolobot_description': CMAKE_PREFIX_PATH=/opt/ros/foxy /usr/bin/cmake --install /home/kwak/yolobot/build/yolobot_description
[1.040s] Level 1:colcon.colcon_core.environment:create_environment_scripts_only(yolobot_recognition)
[1.041s] Level 1:colcon.colcon_core.environment:checking '/home/kwak/yolobot/install/yolobot_recognition' for CMake module files
[1.042s] DEBUG:colcon.colcon_core.event_handler.log_command:Invoked command in '/home/kwak/yolobot/build/yolobot_recognition' returned '0': CMAKE_PREFIX_PATH=/opt/ros/foxy /usr/bin/cmake --install /home/kwak/yolobot/build/yolobot_recognition
[1.042s] Level 1:colcon.colcon_core.environment:checking '/home/kwak/yolobot/install/yolobot_recognition' for CMake config files
[1.042s] Level 1:colcon.colcon_core.shell:create_environment_hook('yolobot_recognition', 'cmake_prefix_path')
[1.043s] INFO:colcon.colcon_core.shell:Creating environment hook '/home/kwak/yolobot/install/yolobot_recognition/share/yolobot_recognition/hook/cmake_prefix_path.ps1'
[1.043s] INFO:colcon.colcon_core.shell:Creating environment descriptor '/home/kwak/yolobot/install/yolobot_recognition/share/yolobot_recognition/hook/cmake_prefix_path.dsv'
[1.044s] INFO:colcon.colcon_core.shell:Creating environment hook '/home/kwak/yolobot/install/yolobot_recognition/share/yolobot_recognition/hook/cmake_prefix_path.sh'
[1.044s] Level 1:colcon.colcon_core.environment:checking '/home/kwak/yolobot/install/yolobot_recognition/bin'
[1.044s] Level 1:colcon.colcon_core.environment:checking '/home/kwak/yolobot/install/yolobot_recognition/lib/pkgconfig/yolobot_recognition.pc'
[1.044s] Level 1:colcon.colcon_core.environment:checking '/home/kwak/yolobot/install/yolobot_recognition/lib/python3.8/site-packages'
[1.045s] Level 1:colcon.colcon_core.environment:checking '/home/kwak/yolobot/install/yolobot_recognition/bin'
[1.045s] INFO:colcon.colcon_core.shell:Creating package script '/home/kwak/yolobot/install/yolobot_recognition/share/yolobot_recognition/package.ps1'
[1.046s] INFO:colcon.colcon_core.shell:Creating package descriptor '/home/kwak/yolobot/install/yolobot_recognition/share/yolobot_recognition/package.dsv'
[1.047s] INFO:colcon.colcon_core.shell:Creating package script '/home/kwak/yolobot/install/yolobot_recognition/share/yolobot_recognition/package.sh'
[1.047s] INFO:colcon.colcon_core.shell:Creating package script '/home/kwak/yolobot/install/yolobot_recognition/share/yolobot_recognition/package.bash'
[1.047s] INFO:colcon.colcon_core.shell:Creating package script '/home/kwak/yolobot/install/yolobot_recognition/share/yolobot_recognition/package.zsh'
[1.048s] Level 1:colcon.colcon_core.environment:create_file_with_runtime_dependencies(/home/kwak/yolobot/install/yolobot_recognition/share/colcon-core/packages/yolobot_recognition)
[1.050s] Level 1:colcon.colcon_core.environment:create_environment_scripts_only(yolobot_gazebo)
[1.051s] Level 1:colcon.colcon_core.environment:checking '/home/kwak/yolobot/install/yolobot_gazebo' for CMake module files
[1.052s] DEBUG:colcon.colcon_core.event_handler.log_command:Invoked command in '/home/kwak/yolobot/build/yolobot_gazebo' returned '0': CMAKE_PREFIX_PATH=/opt/ros/foxy /usr/bin/cmake --install /home/kwak/yolobot/build/yolobot_gazebo
[1.052s] Level 1:colcon.colcon_core.environment:checking '/home/kwak/yolobot/install/yolobot_gazebo' for CMake config files
[1.052s] Level 1:colcon.colcon_core.shell:create_environment_hook('yolobot_gazebo', 'cmake_prefix_path')
[1.052s] INFO:colcon.colcon_core.shell:Creating environment hook '/home/kwak/yolobot/install/yolobot_gazebo/share/yolobot_gazebo/hook/cmake_prefix_path.ps1'
[1.053s] INFO:colcon.colcon_core.shell:Creating environment descriptor '/home/kwak/yolobot/install/yolobot_gazebo/share/yolobot_gazebo/hook/cmake_prefix_path.dsv'
[1.053s] INFO:colcon.colcon_core.shell:Creating environment hook '/home/kwak/yolobot/install/yolobot_gazebo/share/yolobot_gazebo/hook/cmake_prefix_path.sh'
[1.053s] Level 1:colcon.colcon_core.environment:checking '/home/kwak/yolobot/install/yolobot_gazebo/bin'
[1.053s] Level 1:colcon.colcon_core.environment:checking '/home/kwak/yolobot/install/yolobot_gazebo/lib/pkgconfig/yolobot_gazebo.pc'
[1.054s] Level 1:colcon.colcon_core.environment:checking '/home/kwak/yolobot/install/yolobot_gazebo/lib/python3.8/site-packages'
[1.054s] Level 1:colcon.colcon_core.environment:checking '/home/kwak/yolobot/install/yolobot_gazebo/bin'
[1.054s] INFO:colcon.colcon_core.shell:Creating package script '/home/kwak/yolobot/install/yolobot_gazebo/share/yolobot_gazebo/package.ps1'
[1.055s] INFO:colcon.colcon_core.shell:Creating package descriptor '/home/kwak/yolobot/install/yolobot_gazebo/share/yolobot_gazebo/package.dsv'
[1.055s] INFO:colcon.colcon_core.shell:Creating package script '/home/kwak/yolobot/install/yolobot_gazebo/share/yolobot_gazebo/package.sh'
[1.055s] INFO:colcon.colcon_core.shell:Creating package script '/home/kwak/yolobot/install/yolobot_gazebo/share/yolobot_gazebo/package.bash'
[1.055s] INFO:colcon.colcon_core.shell:Creating package script '/home/kwak/yolobot/install/yolobot_gazebo/share/yolobot_gazebo/package.zsh'
[1.056s] Level 1:colcon.colcon_core.environment:create_file_with_runtime_dependencies(/home/kwak/yolobot/install/yolobot_gazebo/share/colcon-core/packages/yolobot_gazebo)
[1.059s] Level 1:colcon.colcon_core.environment:create_environment_scripts_only(yolobot_description)
[1.060s] Level 1:colcon.colcon_core.environment:checking '/home/kwak/yolobot/install/yolobot_description' for CMake module files
[1.060s] DEBUG:colcon.colcon_core.event_handler.log_command:Invoked command in '/home/kwak/yolobot/build/yolobot_description' returned '0': CMAKE_PREFIX_PATH=/opt/ros/foxy /usr/bin/cmake --install /home/kwak/yolobot/build/yolobot_description
[1.061s] Level 1:colcon.colcon_core.environment:checking '/home/kwak/yolobot/install/yolobot_description' for CMake config files
[1.061s] Level 1:colcon.colcon_core.shell:create_environment_hook('yolobot_description', 'cmake_prefix_path')
[1.061s] INFO:colcon.colcon_core.shell:Creating environment hook '/home/kwak/yolobot/install/yolobot_description/share/yolobot_description/hook/cmake_prefix_path.ps1'
[1.062s] INFO:colcon.colcon_core.shell:Creating environment descriptor '/home/kwak/yolobot/install/yolobot_description/share/yolobot_description/hook/cmake_prefix_path.dsv'
[1.062s] INFO:colcon.colcon_core.shell:Creating environment hook '/home/kwak/yolobot/install/yolobot_description/share/yolobot_description/hook/cmake_prefix_path.sh'
[1.063s] Level 1:colcon.colcon_core.environment:checking '/home/kwak/yolobot/install/yolobot_description/lib'
[1.063s] Level 1:colcon.colcon_core.environment:checking '/home/kwak/yolobot/install/yolobot_description/bin'
[1.063s] Level 1:colcon.colcon_core.environment:checking '/home/kwak/yolobot/install/yolobot_description/lib/pkgconfig/yolobot_description.pc'
[1.063s] Level 1:colcon.colcon_core.environment:checking '/home/kwak/yolobot/install/yolobot_description/lib/python3.8/site-packages'
[1.063s] Level 1:colcon.colcon_core.environment:checking '/home/kwak/yolobot/install/yolobot_description/bin'
[1.064s] INFO:colcon.colcon_core.shell:Creating package script '/home/kwak/yolobot/install/yolobot_description/share/yolobot_description/package.ps1'
[1.064s] INFO:colcon.colcon_core.shell:Creating package descriptor '/home/kwak/yolobot/install/yolobot_description/share/yolobot_description/package.dsv'
[1.065s] INFO:colcon.colcon_core.shell:Creating package script '/home/kwak/yolobot/install/yolobot_description/share/yolobot_description/package.sh'
[1.065s] INFO:colcon.colcon_core.shell:Creating package script '/home/kwak/yolobot/install/yolobot_description/share/yolobot_description/package.bash'
[1.065s] INFO:colcon.colcon_core.shell:Creating package script '/home/kwak/yolobot/install/yolobot_description/share/yolobot_description/package.zsh'
[1.065s] Level 1:colcon.colcon_core.environment:create_file_with_runtime_dependencies(/home/kwak/yolobot/install/yolobot_description/share/colcon-core/packages/yolobot_description)
[1.068s] Level 1:colcon.colcon_core.environment:create_environment_scripts_only(yolobot_control)
[1.068s] Level 1:colcon.colcon_core.environment:checking '/home/kwak/yolobot/install/yolobot_control' for CMake module files
[1.069s] Level 1:colcon.colcon_core.environment:checking '/home/kwak/yolobot/install/yolobot_control' for CMake config files
[1.069s] Level 1:colcon.colcon_core.shell:create_environment_hook('yolobot_control', 'cmake_prefix_path')
[1.069s] INFO:colcon.colcon_core.shell:Creating environment hook '/home/kwak/yolobot/install/yolobot_control/share/yolobot_control/hook/cmake_prefix_path.ps1'
[1.070s] INFO:colcon.colcon_core.shell:Creating environment descriptor '/home/kwak/yolobot/install/yolobot_control/share/yolobot_control/hook/cmake_prefix_path.dsv'
[1.070s] INFO:colcon.colcon_core.shell:Creating environment hook '/home/kwak/yolobot/install/yolobot_control/share/yolobot_control/hook/cmake_prefix_path.sh'
[1.070s] Level 1:colcon.colcon_core.environment:checking '/home/kwak/yolobot/install/yolobot_control/lib'
[1.071s] Level 1:colcon.colcon_core.environment:checking '/home/kwak/yolobot/install/yolobot_control/bin'
[1.071s] Level 1:colcon.colcon_core.environment:checking '/home/kwak/yolobot/install/yolobot_control/lib/pkgconfig/yolobot_control.pc'
[1.071s] Level 1:colcon.colcon_core.environment:checking '/home/kwak/yolobot/install/yolobot_control/lib/python3.8/site-packages'
[1.071s] Level 1:colcon.colcon_core.environment:checking '/home/kwak/yolobot/install/yolobot_control/bin'
[1.072s] INFO:colcon.colcon_core.shell:Creating package script '/home/kwak/yolobot/install/yolobot_control/share/yolobot_control/package.ps1'
[1.072s] INFO:colcon.colcon_core.shell:Creating package descriptor '/home/kwak/yolobot/install/yolobot_control/share/yolobot_control/package.dsv'
[1.072s] INFO:colcon.colcon_core.shell:Creating package script '/home/kwak/yolobot/install/yolobot_control/share/yolobot_control/package.sh'
[1.072s] INFO:colcon.colcon_core.shell:Creating package script '/home/kwak/yolobot/install/yolobot_control/share/yolobot_control/package.bash'
[1.073s] INFO:colcon.colcon_core.shell:Creating package script '/home/kwak/yolobot/install/yolobot_control/share/yolobot_control/package.zsh'
[1.073s] Level 1:colcon.colcon_core.environment:create_file_with_runtime_dependencies(/home/kwak/yolobot/install/yolobot_control/share/colcon-core/packages/yolobot_control)
[1.074s] Level 1:colcon.colcon_core.environment:create_environment_scripts_only(yolobot_recognition)
[1.075s] Level 1:colcon.colcon_core.environment:checking '/home/kwak/yolobot/install/yolobot_recognition' for CMake module files
[1.075s] Level 1:colcon.colcon_core.environment:checking '/home/kwak/yolobot/install/yolobot_recognition' for CMake config files
[1.075s] Level 1:colcon.colcon_core.shell:create_environment_hook('yolobot_recognition', 'cmake_prefix_path')
[1.076s] INFO:colcon.colcon_core.shell:Creating environment hook '/home/kwak/yolobot/install/yolobot_recognition/share/yolobot_recognition/hook/cmake_prefix_path.ps1'
[1.076s] INFO:colcon.colcon_core.shell:Creating environment descriptor '/home/kwak/yolobot/install/yolobot_recognition/share/yolobot_recognition/hook/cmake_prefix_path.dsv'
[1.076s] INFO:colcon.colcon_core.shell:Creating environment hook '/home/kwak/yolobot/install/yolobot_recognition/share/yolobot_recognition/hook/cmake_prefix_path.sh'
[1.077s] Level 1:colcon.colcon_core.environment:checking '/home/kwak/yolobot/install/yolobot_recognition/bin'
[1.077s] Level 1:colcon.colcon_core.environment:checking '/home/kwak/yolobot/install/yolobot_recognition/lib/pkgconfig/yolobot_recognition.pc'
[1.077s] Level 1:colcon.colcon_core.environment:checking '/home/kwak/yolobot/install/yolobot_recognition/lib/python3.8/site-packages'
[1.077s] Level 1:colcon.colcon_core.environment:checking '/home/kwak/yolobot/install/yolobot_recognition/bin'
[1.077s] INFO:colcon.colcon_core.shell:Creating package script '/home/kwak/yolobot/install/yolobot_recognition/share/yolobot_recognition/package.ps1'
[1.078s] INFO:colcon.colcon_core.shell:Creating package descriptor '/home/kwak/yolobot/install/yolobot_recognition/share/yolobot_recognition/package.dsv'
[1.078s] INFO:colcon.colcon_core.shell:Creating package script '/home/kwak/yolobot/install/yolobot_recognition/share/yolobot_recognition/package.sh'
[1.079s] INFO:colcon.colcon_core.shell:Creating package script '/home/kwak/yolobot/install/yolobot_recognition/share/yolobot_recognition/package.bash'
[1.079s] INFO:colcon.colcon_core.shell:Creating package script '/home/kwak/yolobot/install/yolobot_recognition/share/yolobot_recognition/package.zsh'
[1.079s] Level 1:colcon.colcon_core.environment:create_file_with_runtime_dependencies(/home/kwak/yolobot/install/yolobot_recognition/share/colcon-core/packages/yolobot_recognition)
[1.080s] Level 1:colcon.colcon_core.environment:create_environment_scripts_only(yolobot_gazebo)
[1.081s] Level 1:colcon.colcon_core.environment:checking '/home/kwak/yolobot/install/yolobot_gazebo' for CMake module files
[1.081s] Level 1:colcon.colcon_core.environment:checking '/home/kwak/yolobot/install/yolobot_gazebo' for CMake config files
[1.082s] Level 1:colcon.colcon_core.shell:create_environment_hook('yolobot_gazebo', 'cmake_prefix_path')
[1.082s] INFO:colcon.colcon_core.shell:Creating environment hook '/home/kwak/yolobot/install/yolobot_gazebo/share/yolobot_gazebo/hook/cmake_prefix_path.ps1'
[1.082s] INFO:colcon.colcon_core.shell:Creating environment descriptor '/home/kwak/yolobot/install/yolobot_gazebo/share/yolobot_gazebo/hook/cmake_prefix_path.dsv'
[1.082s] INFO:colcon.colcon_core.shell:Creating environment hook '/home/kwak/yolobot/install/yolobot_gazebo/share/yolobot_gazebo/hook/cmake_prefix_path.sh'
[1.083s] Level 1:colcon.colcon_core.environment:checking '/home/kwak/yolobot/install/yolobot_gazebo/bin'
[1.083s] Level 1:colcon.colcon_core.environment:checking '/home/kwak/yolobot/install/yolobot_gazebo/lib/pkgconfig/yolobot_gazebo.pc'
[1.083s] Level 1:colcon.colcon_core.environment:checking '/home/kwak/yolobot/install/yolobot_gazebo/lib/python3.8/site-packages'
[1.083s] Level 1:colcon.colcon_core.environment:checking '/home/kwak/yolobot/install/yolobot_gazebo/bin'
[1.084s] INFO:colcon.colcon_core.shell:Creating package script '/home/kwak/yolobot/install/yolobot_gazebo/share/yolobot_gazebo/package.ps1'
[1.084s] INFO:colcon.colcon_core.shell:Creating package descriptor '/home/kwak/yolobot/install/yolobot_gazebo/share/yolobot_gazebo/package.dsv'
[1.084s] INFO:colcon.colcon_core.shell:Creating package script '/home/kwak/yolobot/install/yolobot_gazebo/share/yolobot_gazebo/package.sh'
[1.084s] INFO:colcon.colcon_core.shell:Creating package script '/home/kwak/yolobot/install/yolobot_gazebo/share/yolobot_gazebo/package.bash'
[1.085s] INFO:colcon.colcon_core.shell:Creating package script '/home/kwak/yolobot/install/yolobot_gazebo/share/yolobot_gazebo/package.zsh'
[1.085s] Level 1:colcon.colcon_core.environment:create_file_with_runtime_dependencies(/home/kwak/yolobot/install/yolobot_gazebo/share/colcon-core/packages/yolobot_gazebo)
[1.086s] Level 1:colcon.colcon_core.environment:create_environment_scripts_only(yolobot_description)
[1.086s] Level 1:colcon.colcon_core.environment:checking '/home/kwak/yolobot/install/yolobot_description' for CMake module files
[1.087s] Level 1:colcon.colcon_core.environment:checking '/home/kwak/yolobot/install/yolobot_description' for CMake config files
[1.087s] Level 1:colcon.colcon_core.shell:create_environment_hook('yolobot_description', 'cmake_prefix_path')
[1.087s] INFO:colcon.colcon_core.shell:Creating environment hook '/home/kwak/yolobot/install/yolobot_description/share/yolobot_description/hook/cmake_prefix_path.ps1'
[1.087s] INFO:colcon.colcon_core.shell:Creating environment descriptor '/home/kwak/yolobot/install/yolobot_description/share/yolobot_description/hook/cmake_prefix_path.dsv'
[1.088s] INFO:colcon.colcon_core.shell:Creating environment hook '/home/kwak/yolobot/install/yolobot_description/share/yolobot_description/hook/cmake_prefix_path.sh'
[1.088s] Level 1:colcon.colcon_core.environment:checking '/home/kwak/yolobot/install/yolobot_description/lib'
[1.088s] Level 1:colcon.colcon_core.environment:checking '/home/kwak/yolobot/install/yolobot_description/bin'
[1.088s] Level 1:colcon.colcon_core.environment:checking '/home/kwak/yolobot/install/yolobot_description/lib/pkgconfig/yolobot_description.pc'
[1.088s] Level 1:colcon.colcon_core.environment:checking '/home/kwak/yolobot/install/yolobot_description/lib/python3.8/site-packages'
[1.088s] Level 1:colcon.colcon_core.environment:checking '/home/kwak/yolobot/install/yolobot_description/bin'
[1.089s] INFO:colcon.colcon_core.shell:Creating package script '/home/kwak/yolobot/install/yolobot_description/share/yolobot_description/package.ps1'
[1.089s] INFO:colcon.colcon_core.shell:Creating package descriptor '/home/kwak/yolobot/install/yolobot_description/share/yolobot_description/package.dsv'
[1.089s] INFO:colcon.colcon_core.shell:Creating package script '/home/kwak/yolobot/install/yolobot_description/share/yolobot_description/package.sh'
[1.090s] INFO:colcon.colcon_core.shell:Creating package script '/home/kwak/yolobot/install/yolobot_description/share/yolobot_description/package.bash'
[1.090s] INFO:colcon.colcon_core.shell:Creating package script '/home/kwak/yolobot/install/yolobot_description/share/yolobot_description/package.zsh'
[1.090s] Level 1:colcon.colcon_core.environment:create_file_with_runtime_dependencies(/home/kwak/yolobot/install/yolobot_description/share/colcon-core/packages/yolobot_description)
[1.090s] DEBUG:colcon.colcon_parallel_executor.executor.parallel:closing loop
[1.091s] DEBUG:colcon.colcon_parallel_executor.executor.parallel:loop closed
[1.091s] DEBUG:colcon.colcon_parallel_executor.executor.parallel:run_until_complete finished with '0'
[1.091s] DEBUG:colcon.colcon_core.event_reactor:joining thread
[1.095s] INFO:colcon.colcon_core.plugin_system:Skipping extension 'colcon_notification.desktop_notification.terminal_notifier': Not used on non-Darwin systems
[1.096s] INFO:colcon.colcon_core.plugin_system:Skipping extension 'colcon_notification.desktop_notification.win32': Not used on non-Windows systems
[1.096s] INFO:colcon.colcon_notification.desktop_notification:Sending desktop notification using 'notify2'
[1.112s] DEBUG:colcon.colcon_core.event_reactor:joined thread
[1.113s] INFO:colcon.colcon_core.shell:Creating prefix script '/home/kwak/yolobot/install/local_setup.ps1'
[1.113s] INFO:colcon.colcon_core.shell:Creating prefix util module '/home/kwak/yolobot/install/_local_setup_util_ps1.py'
[1.114s] INFO:colcon.colcon_core.shell:Creating prefix chain script '/home/kwak/yolobot/install/setup.ps1'
[1.115s] INFO:colcon.colcon_core.shell:Creating prefix script '/home/kwak/yolobot/install/local_setup.sh'
[1.116s] INFO:colcon.colcon_core.shell:Creating prefix util module '/home/kwak/yolobot/install/_local_setup_util_sh.py'
[1.116s] INFO:colcon.colcon_core.shell:Creating prefix chain script '/home/kwak/yolobot/install/setup.sh'
[1.117s] INFO:colcon.colcon_core.shell:Creating prefix script '/home/kwak/yolobot/install/local_setup.bash'
[1.118s] INFO:colcon.colcon_core.shell:Creating prefix chain script '/home/kwak/yolobot/install/setup.bash'
[1.120s] INFO:colcon.colcon_core.shell:Creating prefix script '/home/kwak/yolobot/install/local_setup.zsh'
[1.120s] INFO:colcon.colcon_core.shell:Creating prefix chain script '/home/kwak/yolobot/install/setup.zsh'
