[0.031s] Invoking command in '/home/kwak/yolobot/build/yolobot_gazebo': CMAKE_PREFIX_PATH=/opt/ros/foxy /usr/bin/cmake /home/kwak/yolobot/src/yolobot_gazebo -DCMAKE_INSTALL_PREFIX=/home/kwak/yolobot/install/yolobot_gazebo
[0.052s] -- Found ament_cmake: 0.9.9 (/opt/ros/foxy/share/ament_cmake/cmake)
[0.080s] -- Using PYTHON_EXECUTABLE: /usr/bin/python3
[0.312s] -- Override CMake install command with custom implementation using symlinks instead of copying resources
[0.332s] -- Found rclpy: 1.0.8 (/opt/ros/foxy/share/rclpy/cmake)
[0.332s] -- Found ament_lint_auto: 0.9.6 (/opt/ros/foxy/share/ament_lint_auto/cmake)
[0.439s] -- Added test 'copyright' to check source files copyright and LICENSE
[0.440s] -- Added test 'flake8' to check Python code syntax and style conventions
[0.440s] -- Added test 'lint_cmake' to check CMake code style
[0.441s] -- Added test 'pep257' to check Python code against some of the style conventions in PEP 257
[0.441s] -- Added test 'xmllint' to check XML markup files
[0.443s] -- Configuring done
[0.448s] -- Generating done
[0.448s] -- Build files have been written to: /home/kwak/yolobot/build/yolobot_gazebo
[0.450s] Invoked command in '/home/kwak/yolobot/build/yolobot_gazebo' returned '0': CMAKE_PREFIX_PATH=/opt/ros/foxy /usr/bin/cmake /home/kwak/yolobot/src/yolobot_gazebo -DCMAKE_INSTALL_PREFIX=/home/kwak/yolobot/install/yolobot_gazebo
[0.456s] Invoking command in '/home/kwak/yolobot/build/yolobot_gazebo': CMAKE_PREFIX_PATH=/opt/ros/foxy /usr/bin/cmake --build /home/kwak/yolobot/build/yolobot_gazebo -- -j12 -l12
[0.507s] Invoked command in '/home/kwak/yolobot/build/yolobot_gazebo' returned '0': CMAKE_PREFIX_PATH=/opt/ros/foxy /usr/bin/cmake --build /home/kwak/yolobot/build/yolobot_gazebo -- -j12 -l12
[0.540s] Invoking command in '/home/kwak/yolobot/build/yolobot_gazebo': CMAKE_PREFIX_PATH=/opt/ros/foxy /usr/bin/cmake --install /home/kwak/yolobot/build/yolobot_gazebo
[0.552s] -- Install configuration: ""
[0.552s] -- Execute custom install script
[0.552s] -- Symlinking: /home/kwak/yolobot/install/yolobot_gazebo/share/yolobot_gazebo//launch/__pycache__/yolobot_launch.cpython-38.pyc
[0.567s] -- Up-to-date symlink: /home/kwak/yolobot/install/yolobot_gazebo/share/yolobot_gazebo//launch/start_world_launch.py
[0.567s] -- Up-to-date symlink: /home/kwak/yolobot/install/yolobot_gazebo/share/yolobot_gazebo//launch/yolobot_launch.py
[0.567s] -- Up-to-date symlink: /home/kwak/yolobot/install/yolobot_gazebo/share/yolobot_gazebo//worlds/yolo_test.world
[0.567s] -- Up-to-date symlink: /home/kwak/yolobot/install/yolobot_gazebo/share/ament_index/resource_index/package_run_dependencies/yolobot_gazebo
[0.567s] -- Up-to-date symlink: /home/kwak/yolobot/install/yolobot_gazebo/share/ament_index/resource_index/parent_prefix_path/yolobot_gazebo
[0.567s] -- Up-to-date symlink: /home/kwak/yolobot/install/yolobot_gazebo/share/yolobot_gazebo/environment/ament_prefix_path.sh
[0.567s] -- Up-to-date symlink: /home/kwak/yolobot/install/yolobot_gazebo/share/yolobot_gazebo/environment/ament_prefix_path.dsv
[0.568s] -- Up-to-date symlink: /home/kwak/yolobot/install/yolobot_gazebo/share/yolobot_gazebo/environment/path.sh
[0.569s] -- Up-to-date symlink: /home/kwak/yolobot/install/yolobot_gazebo/share/yolobot_gazebo/environment/path.dsv
[0.570s] -- Up-to-date symlink: /home/kwak/yolobot/install/yolobot_gazebo/share/yolobot_gazebo/local_setup.bash
[0.570s] -- Up-to-date symlink: /home/kwak/yolobot/install/yolobot_gazebo/share/yolobot_gazebo/local_setup.sh
[0.572s] -- Up-to-date symlink: /home/kwak/yolobot/install/yolobot_gazebo/share/yolobot_gazebo/local_setup.zsh
[0.572s] -- Up-to-date symlink: /home/kwak/yolobot/install/yolobot_gazebo/share/yolobot_gazebo/local_setup.dsv
[0.573s] -- Symlinking: /home/kwak/yolobot/install/yolobot_gazebo/share/yolobot_gazebo/package.dsv
[0.579s] -- Up-to-date symlink: /home/kwak/yolobot/install/yolobot_gazebo/share/ament_index/resource_index/packages/yolobot_gazebo
[0.582s] -- Up-to-date symlink: /home/kwak/yolobot/install/yolobot_gazebo/share/yolobot_gazebo/cmake/yolobot_gazeboConfig.cmake
[0.583s] -- Up-to-date symlink: /home/kwak/yolobot/install/yolobot_gazebo/share/yolobot_gazebo/cmake/yolobot_gazeboConfig-version.cmake
[0.584s] -- Up-to-date symlink: /home/kwak/yolobot/install/yolobot_gazebo/share/yolobot_gazebo/package.xml
[0.598s] Invoked command in '/home/kwak/yolobot/build/yolobot_gazebo' returned '0': CMAKE_PREFIX_PATH=/opt/ros/foxy /usr/bin/cmake --install /home/kwak/yolobot/build/yolobot_gazebo
