[0.025s] Invoking command in '/home/kwak/yolobot/build/yolobot_control': CMAKE_PREFIX_PATH=${CMAKE_PREFIX_PATH}:/opt/ros/foxy /usr/bin/cmake /home/kwak/yolobot/src/yolobot_control -DAMENT_CMAKE_SYMLINK_INSTALL=1 -DCMAKE_INSTALL_PREFIX=/home/kwak/yolobot/install/yolobot_control
[0.040s] -- Found ament_cmake: 0.9.9 (/opt/ros/foxy/share/ament_cmake/cmake)
[0.060s] -- Using PYTHON_EXECUTABLE: /usr/bin/python3
[0.237s] -- Override CMake install command with custom implementation using symlinks instead of copying resources
[0.246s] -- Found ament_lint_auto: 0.9.6 (/opt/ros/foxy/share/ament_lint_auto/cmake)
[0.311s] -- Added test 'copyright' to check source files copyright and LICENSE
[0.311s] -- Added test 'flake8' to check Python code syntax and style conventions
[0.311s] -- Added test 'lint_cmake' to check CMake code style
[0.312s] -- Added test 'pep257' to check Python code against some of the style conventions in PEP 257
[0.312s] -- Added test 'xmllint' to check XML markup files
[0.315s] -- Configuring done
[0.318s] -- Generating done
[0.319s] -- Build files have been written to: /home/kwak/yolobot/build/yolobot_control
[0.324s] Invoked command in '/home/kwak/yolobot/build/yolobot_control' returned '0': CMAKE_PREFIX_PATH=${CMAKE_PREFIX_PATH}:/opt/ros/foxy /usr/bin/cmake /home/kwak/yolobot/src/yolobot_control -DAMENT_CMAKE_SYMLINK_INSTALL=1 -DCMAKE_INSTALL_PREFIX=/home/kwak/yolobot/install/yolobot_control
[0.327s] Invoking command in '/home/kwak/yolobot/build/yolobot_control': CMAKE_PREFIX_PATH=${CMAKE_PREFIX_PATH}:/opt/ros/foxy /usr/bin/cmake --build /home/kwak/yolobot/build/yolobot_control -- -j12 -l12
[0.369s] Invoked command in '/home/kwak/yolobot/build/yolobot_control' returned '0': CMAKE_PREFIX_PATH=${CMAKE_PREFIX_PATH}:/opt/ros/foxy /usr/bin/cmake --build /home/kwak/yolobot/build/yolobot_control -- -j12 -l12
[0.385s] Invoking command in '/home/kwak/yolobot/build/yolobot_control': CMAKE_PREFIX_PATH=${CMAKE_PREFIX_PATH}:/opt/ros/foxy /usr/bin/cmake --install /home/kwak/yolobot/build/yolobot_control
[0.393s] -- Install configuration: ""
[0.393s] -- Execute custom install script
[0.393s] -- Symlinking: /home/kwak/yolobot/install/yolobot_control/share/yolobot_control//scripts/robot_control.py
[0.401s] -- Symlinking: /home/kwak/yolobot/install/yolobot_control/share/yolobot_control//launch/yolobot_control.launch.py
[0.410s] -- Symlinking: /home/kwak/yolobot/install/yolobot_control/lib/yolobot_control/robot_control.py
[0.418s] -- Symlinking: /home/kwak/yolobot/install/yolobot_control/lib/yolobot_control/yolobot_control.launch.py
[0.425s] -- Symlinking: /home/kwak/yolobot/install/yolobot_control/share/ament_index/resource_index/package_run_dependencies/yolobot_control
[0.432s] -- Symlinking: /home/kwak/yolobot/install/yolobot_control/share/ament_index/resource_index/parent_prefix_path/yolobot_control
[0.440s] -- Symlinking: /home/kwak/yolobot/install/yolobot_control/share/yolobot_control/environment/ament_prefix_path.sh
[0.447s] -- Symlinking: /home/kwak/yolobot/install/yolobot_control/share/yolobot_control/environment/ament_prefix_path.dsv
[0.455s] -- Symlinking: /home/kwak/yolobot/install/yolobot_control/share/yolobot_control/environment/path.sh
[0.463s] -- Symlinking: /home/kwak/yolobot/install/yolobot_control/share/yolobot_control/environment/path.dsv
[0.471s] -- Symlinking: /home/kwak/yolobot/install/yolobot_control/share/yolobot_control/local_setup.bash
[0.478s] -- Symlinking: /home/kwak/yolobot/install/yolobot_control/share/yolobot_control/local_setup.sh
[0.486s] -- Symlinking: /home/kwak/yolobot/install/yolobot_control/share/yolobot_control/local_setup.zsh
[0.495s] -- Symlinking: /home/kwak/yolobot/install/yolobot_control/share/yolobot_control/local_setup.dsv
[0.504s] -- Symlinking: /home/kwak/yolobot/install/yolobot_control/share/yolobot_control/package.dsv
[0.511s] -- Symlinking: /home/kwak/yolobot/install/yolobot_control/share/ament_index/resource_index/packages/yolobot_control
[0.519s] -- Symlinking: /home/kwak/yolobot/install/yolobot_control/share/yolobot_control/cmake/yolobot_controlConfig.cmake
[0.525s] -- Symlinking: /home/kwak/yolobot/install/yolobot_control/share/yolobot_control/cmake/yolobot_controlConfig-version.cmake
[0.534s] -- Symlinking: /home/kwak/yolobot/install/yolobot_control/share/yolobot_control/package.xml
[0.545s] Invoked command in '/home/kwak/yolobot/build/yolobot_control' returned '0': CMAKE_PREFIX_PATH=${CMAKE_PREFIX_PATH}:/opt/ros/foxy /usr/bin/cmake --install /home/kwak/yolobot/build/yolobot_control
