[0.019s] Invoking command in '/home/kwak/yolobot/build/yolobot_gazebo': CMAKE_PREFIX_PATH=/opt/ros/foxy /usr/bin/cmake /home/kwak/yolobot/src/yolobot_gazebo -DCMAKE_INSTALL_PREFIX=/home/kwak/yolobot/install/yolobot_gazebo
[0.116s] -- The C compiler identification is GNU 9.4.0
[0.194s] -- The CXX compiler identification is GNU 9.4.0
[0.200s] -- Check for working C compiler: /usr/bin/cc
[0.254s] -- Check for working C compiler: /usr/bin/cc -- works
[0.254s] -- Detecting C compiler ABI info
[0.308s] -- Detecting C compiler ABI info - done
[0.317s] -- Detecting C compile features
[0.317s] -- Detecting C compile features - done
[0.319s] -- Check for working CXX compiler: /usr/bin/c++
[0.383s] -- Check for working CXX compiler: /usr/bin/c++ -- works
[0.385s] -- Detecting CXX compiler ABI info
[0.449s] -- Detecting CXX compiler ABI info - done
[0.466s] -- Detecting CXX compile features
[0.467s] -- Detecting CXX compile features - done
[0.469s] -- Found ament_cmake: 0.9.9 (/opt/ros/foxy/share/ament_cmake/cmake)
[0.489s] -- Found PythonInterp: /usr/bin/python3 (found suitable version "3.8.10", minimum required is "3") 
[0.489s] -- Using PYTHON_EXECUTABLE: /usr/bin/python3
[0.653s] -- Found rclpy: 1.0.8 (/opt/ros/foxy/share/rclpy/cmake)
[0.654s] -- Found ament_lint_auto: 0.9.6 (/opt/ros/foxy/share/ament_lint_auto/cmake)
[0.718s] -- Added test 'copyright' to check source files copyright and LICENSE
[0.720s] -- Added test 'flake8' to check Python code syntax and style conventions
[0.720s] -- Added test 'lint_cmake' to check CMake code style
[0.721s] -- Added test 'pep257' to check Python code against some of the style conventions in PEP 257
[0.722s] -- Added test 'xmllint' to check XML markup files
[0.725s] -- Configuring done
[0.729s] -- Generating done
[0.730s] -- Build files have been written to: /home/kwak/yolobot/build/yolobot_gazebo
[0.732s] Invoked command in '/home/kwak/yolobot/build/yolobot_gazebo' returned '0': CMAKE_PREFIX_PATH=/opt/ros/foxy /usr/bin/cmake /home/kwak/yolobot/src/yolobot_gazebo -DCMAKE_INSTALL_PREFIX=/home/kwak/yolobot/install/yolobot_gazebo
[0.734s] Invoking command in '/home/kwak/yolobot/build/yolobot_gazebo': CMAKE_PREFIX_PATH=/opt/ros/foxy /usr/bin/cmake --build /home/kwak/yolobot/build/yolobot_gazebo -- -j12 -l12
[0.764s] Invoked command in '/home/kwak/yolobot/build/yolobot_gazebo' returned '0': CMAKE_PREFIX_PATH=/opt/ros/foxy /usr/bin/cmake --build /home/kwak/yolobot/build/yolobot_gazebo -- -j12 -l12
[0.787s] Invoking command in '/home/kwak/yolobot/build/yolobot_gazebo': CMAKE_PREFIX_PATH=/opt/ros/foxy /usr/bin/cmake --install /home/kwak/yolobot/build/yolobot_gazebo
[0.797s] -- Install configuration: ""
[0.797s] -- Installing: /home/kwak/yolobot/install/yolobot_gazebo/share/yolobot_gazebo//launch
[0.797s] -- Installing: /home/kwak/yolobot/install/yolobot_gazebo/share/yolobot_gazebo//launch/yolobot_launch.py
[0.797s] -- Installing: /home/kwak/yolobot/install/yolobot_gazebo/share/yolobot_gazebo//launch/start_world_launch.py
[0.797s] -- Installing: /home/kwak/yolobot/install/yolobot_gazebo/share/yolobot_gazebo//worlds
[0.797s] -- Installing: /home/kwak/yolobot/install/yolobot_gazebo/share/yolobot_gazebo//worlds/yolo_test.world
[0.797s] -- Installing: /home/kwak/yolobot/install/yolobot_gazebo/share/ament_index/resource_index/package_run_dependencies/yolobot_gazebo
[0.797s] -- Installing: /home/kwak/yolobot/install/yolobot_gazebo/share/ament_index/resource_index/parent_prefix_path/yolobot_gazebo
[0.797s] -- Installing: /home/kwak/yolobot/install/yolobot_gazebo/share/yolobot_gazebo/environment/ament_prefix_path.sh
[0.798s] -- Installing: /home/kwak/yolobot/install/yolobot_gazebo/share/yolobot_gazebo/environment/ament_prefix_path.dsv
[0.798s] -- Installing: /home/kwak/yolobot/install/yolobot_gazebo/share/yolobot_gazebo/environment/path.sh
[0.798s] -- Installing: /home/kwak/yolobot/install/yolobot_gazebo/share/yolobot_gazebo/environment/path.dsv
[0.798s] -- Installing: /home/kwak/yolobot/install/yolobot_gazebo/share/yolobot_gazebo/local_setup.bash
[0.798s] -- Installing: /home/kwak/yolobot/install/yolobot_gazebo/share/yolobot_gazebo/local_setup.sh
[0.798s] -- Installing: /home/kwak/yolobot/install/yolobot_gazebo/share/yolobot_gazebo/local_setup.zsh
[0.799s] -- Installing: /home/kwak/yolobot/install/yolobot_gazebo/share/yolobot_gazebo/local_setup.dsv
[0.799s] -- Installing: /home/kwak/yolobot/install/yolobot_gazebo/share/yolobot_gazebo/package.dsv
[0.799s] -- Installing: /home/kwak/yolobot/install/yolobot_gazebo/share/ament_index/resource_index/packages/yolobot_gazebo
[0.799s] -- Installing: /home/kwak/yolobot/install/yolobot_gazebo/share/yolobot_gazebo/cmake/yolobot_gazeboConfig.cmake
[0.799s] -- Installing: /home/kwak/yolobot/install/yolobot_gazebo/share/yolobot_gazebo/cmake/yolobot_gazeboConfig-version.cmake
[0.799s] -- Installing: /home/kwak/yolobot/install/yolobot_gazebo/share/yolobot_gazebo/package.xml
[0.827s] Invoked command in '/home/kwak/yolobot/build/yolobot_gazebo' returned '0': CMAKE_PREFIX_PATH=/opt/ros/foxy /usr/bin/cmake --install /home/kwak/yolobot/build/yolobot_gazebo
