[0.020s] Invoking command in '/home/kwak/yolobot/build/yolobot_recognition': CMAKE_PREFIX_PATH=${CMAKE_PREFIX_PATH}:/opt/ros/foxy /usr/bin/cmake --build /home/kwak/yolobot/build/yolobot_recognition -- -j12 -l12
[0.051s] Invoked command in '/home/kwak/yolobot/build/yolobot_recognition' returned '0': CMAKE_PREFIX_PATH=${CMAKE_PREFIX_PATH}:/opt/ros/foxy /usr/bin/cmake --build /home/kwak/yolobot/build/yolobot_recognition -- -j12 -l12
[0.072s] Invoking command in '/home/kwak/yolobot/build/yolobot_recognition': CMAKE_PREFIX_PATH=${CMAKE_PREFIX_PATH}:/opt/ros/foxy /usr/bin/cmake --install /home/kwak/yolobot/build/yolobot_recognition
[0.077s] -- Install configuration: ""
[0.078s] -- Execute custom install script
[0.078s] -- Up-to-date symlink: /home/kwak/yolobot/install/yolobot_recognition/share/ament_index/resource_index/package_run_dependencies/yolobot_recognition
[0.078s] -- Up-to-date symlink: /home/kwak/yolobot/install/yolobot_recognition/share/ament_index/resource_index/parent_prefix_path/yolobot_recognition
[0.078s] -- Up-to-date symlink: /home/kwak/yolobot/install/yolobot_recognition/share/yolobot_recognition/environment/ament_prefix_path.sh
[0.079s] -- Up-to-date symlink: /home/kwak/yolobot/install/yolobot_recognition/share/yolobot_recognition/environment/ament_prefix_path.dsv
[0.079s] -- Up-to-date symlink: /home/kwak/yolobot/install/yolobot_recognition/share/yolobot_recognition/environment/path.sh
[0.079s] -- Up-to-date symlink: /home/kwak/yolobot/install/yolobot_recognition/share/yolobot_recognition/environment/path.dsv
[0.079s] -- Up-to-date symlink: /home/kwak/yolobot/install/yolobot_recognition/share/yolobot_recognition/local_setup.bash
[0.079s] -- Up-to-date symlink: /home/kwak/yolobot/install/yolobot_recognition/share/yolobot_recognition/local_setup.sh
[0.080s] -- Up-to-date symlink: /home/kwak/yolobot/install/yolobot_recognition/share/yolobot_recognition/local_setup.zsh
[0.080s] -- Up-to-date symlink: /home/kwak/yolobot/install/yolobot_recognition/share/yolobot_recognition/local_setup.dsv
[0.080s] -- Symlinking: /home/kwak/yolobot/install/yolobot_recognition/share/yolobot_recognition/package.dsv
[0.087s] -- Up-to-date symlink: /home/kwak/yolobot/install/yolobot_recognition/share/ament_index/resource_index/packages/yolobot_recognition
[0.087s] -- Up-to-date symlink: /home/kwak/yolobot/install/yolobot_recognition/share/yolobot_recognition/cmake/yolobot_recognitionConfig.cmake
[0.087s] -- Up-to-date symlink: /home/kwak/yolobot/install/yolobot_recognition/share/yolobot_recognition/cmake/yolobot_recognitionConfig-version.cmake
[0.088s] -- Up-to-date symlink: /home/kwak/yolobot/install/yolobot_recognition/share/yolobot_recognition/package.xml
[0.116s] Invoked command in '/home/kwak/yolobot/build/yolobot_recognition' returned '0': CMAKE_PREFIX_PATH=${CMAKE_PREFIX_PATH}:/opt/ros/foxy /usr/bin/cmake --install /home/kwak/yolobot/build/yolobot_recognition
