[0.037s] Invoking command in '/home/kwak/yolobot/build/yolobot_control': CMAKE_PREFIX_PATH=/opt/ros/foxy /usr/bin/cmake /home/kwak/yolobot/src/yolobot_control -DCMAKE_INSTALL_PREFIX=/home/kwak/yolobot/install/yolobot_control
[0.071s] -- Found ament_cmake: 0.9.9 (/opt/ros/foxy/share/ament_cmake/cmake)
[0.110s] -- Using PYTHON_EXECUTABLE: /usr/bin/python3
[0.349s] -- Override CMake install command with custom implementation using symlinks instead of copying resources
[0.356s] -- Found ament_lint_auto: 0.9.6 (/opt/ros/foxy/share/ament_lint_auto/cmake)
[0.449s] -- Added test 'copyright' to check source files copyright and LICENSE
[0.450s] -- Added test 'flake8' to check Python code syntax and style conventions
[0.451s] -- Added test 'lint_cmake' to check CMake code style
[0.451s] -- Added test 'pep257' to check Python code against some of the style conventions in PEP 257
[0.453s] -- Added test 'xmllint' to check XML markup files
[0.457s] -- Configuring done
[0.461s] -- Generating done
[0.461s] -- Build files have been written to: /home/kwak/yolobot/build/yolobot_control
[0.463s] Invoked command in '/home/kwak/yolobot/build/yolobot_control' returned '0': CMAKE_PREFIX_PATH=/opt/ros/foxy /usr/bin/cmake /home/kwak/yolobot/src/yolobot_control -DCMAKE_INSTALL_PREFIX=/home/kwak/yolobot/install/yolobot_control
[0.466s] Invoking command in '/home/kwak/yolobot/build/yolobot_control': CMAKE_PREFIX_PATH=/opt/ros/foxy /usr/bin/cmake --build /home/kwak/yolobot/build/yolobot_control -- -j12 -l12
[0.515s] Invoked command in '/home/kwak/yolobot/build/yolobot_control' returned '0': CMAKE_PREFIX_PATH=/opt/ros/foxy /usr/bin/cmake --build /home/kwak/yolobot/build/yolobot_control -- -j12 -l12
[0.555s] Invoking command in '/home/kwak/yolobot/build/yolobot_control': CMAKE_PREFIX_PATH=/opt/ros/foxy /usr/bin/cmake --install /home/kwak/yolobot/build/yolobot_control
[0.562s] -- Install configuration: ""
[0.563s] -- Execute custom install script
[0.563s] -- Up-to-date symlink: /home/kwak/yolobot/install/yolobot_control/share/yolobot_control//scripts/robot_control.py
[0.563s] -- Up-to-date symlink: /home/kwak/yolobot/install/yolobot_control/share/yolobot_control//launch/yolobot_control.launch.py
[0.564s] -- Up-to-date symlink: /home/kwak/yolobot/install/yolobot_control/lib/yolobot_control/robot_control.py
[0.564s] -- Up-to-date symlink: /home/kwak/yolobot/install/yolobot_control/lib/yolobot_control/yolobot_control.launch.py
[0.565s] -- Up-to-date symlink: /home/kwak/yolobot/install/yolobot_control/share/ament_index/resource_index/package_run_dependencies/yolobot_control
[0.566s] -- Up-to-date symlink: /home/kwak/yolobot/install/yolobot_control/share/ament_index/resource_index/parent_prefix_path/yolobot_control
[0.567s] -- Up-to-date symlink: /home/kwak/yolobot/install/yolobot_control/share/yolobot_control/environment/ament_prefix_path.sh
[0.567s] -- Up-to-date symlink: /home/kwak/yolobot/install/yolobot_control/share/yolobot_control/environment/ament_prefix_path.dsv
[0.568s] -- Up-to-date symlink: /home/kwak/yolobot/install/yolobot_control/share/yolobot_control/environment/path.sh
[0.568s] -- Up-to-date symlink: /home/kwak/yolobot/install/yolobot_control/share/yolobot_control/environment/path.dsv
[0.568s] -- Up-to-date symlink: /home/kwak/yolobot/install/yolobot_control/share/yolobot_control/local_setup.bash
[0.568s] -- Up-to-date symlink: /home/kwak/yolobot/install/yolobot_control/share/yolobot_control/local_setup.sh
[0.568s] -- Up-to-date symlink: /home/kwak/yolobot/install/yolobot_control/share/yolobot_control/local_setup.zsh
[0.569s] -- Up-to-date symlink: /home/kwak/yolobot/install/yolobot_control/share/yolobot_control/local_setup.dsv
[0.569s] -- Symlinking: /home/kwak/yolobot/install/yolobot_control/share/yolobot_control/package.dsv
[0.582s] -- Up-to-date symlink: /home/kwak/yolobot/install/yolobot_control/share/ament_index/resource_index/packages/yolobot_control
[0.584s] -- Up-to-date symlink: /home/kwak/yolobot/install/yolobot_control/share/yolobot_control/cmake/yolobot_controlConfig.cmake
[0.585s] -- Up-to-date symlink: /home/kwak/yolobot/install/yolobot_control/share/yolobot_control/cmake/yolobot_controlConfig-version.cmake
[0.585s] -- Up-to-date symlink: /home/kwak/yolobot/install/yolobot_control/share/yolobot_control/package.xml
[0.591s] Invoked command in '/home/kwak/yolobot/build/yolobot_control' returned '0': CMAKE_PREFIX_PATH=/opt/ros/foxy /usr/bin/cmake --install /home/kwak/yolobot/build/yolobot_control
