[0.031s] Invoking command in '/home/kwak/yolobot/build/yolobot_control': CMAKE_PREFIX_PATH=${CMAKE_PREFIX_PATH}:/opt/ros/foxy /usr/bin/cmake --build /home/kwak/yolobot/build/yolobot_control -- -j12 -l12
[0.062s] Invoked command in '/home/kwak/yolobot/build/yolobot_control' returned '0': CMAKE_PREFIX_PATH=${CMAKE_PREFIX_PATH}:/opt/ros/foxy /usr/bin/cmake --build /home/kwak/yolobot/build/yolobot_control -- -j12 -l12
[0.088s] Invoking command in '/home/kwak/yolobot/build/yolobot_control': CMAKE_PREFIX_PATH=${CMAKE_PREFIX_PATH}:/opt/ros/foxy /usr/bin/cmake --install /home/kwak/yolobot/build/yolobot_control
[0.098s] -- Install configuration: ""
[0.098s] -- Execute custom install script
[0.099s] -- Up-to-date symlink: /home/kwak/yolobot/install/yolobot_control/share/yolobot_control//scripts/robot_control.py
[0.099s] -- Up-to-date symlink: /home/kwak/yolobot/install/yolobot_control/share/yolobot_control//launch/yolobot_control.launch.py
[0.099s] -- Up-to-date symlink: /home/kwak/yolobot/install/yolobot_control/lib/yolobot_control/robot_control.py
[0.099s] -- Up-to-date symlink: /home/kwak/yolobot/install/yolobot_control/lib/yolobot_control/yolobot_control.launch.py
[0.099s] -- Up-to-date symlink: /home/kwak/yolobot/install/yolobot_control/share/ament_index/resource_index/package_run_dependencies/yolobot_control
[0.099s] -- Up-to-date symlink: /home/kwak/yolobot/install/yolobot_control/share/ament_index/resource_index/parent_prefix_path/yolobot_control
[0.099s] -- Up-to-date symlink: /home/kwak/yolobot/install/yolobot_control/share/yolobot_control/environment/ament_prefix_path.sh
[0.100s] -- Up-to-date symlink: /home/kwak/yolobot/install/yolobot_control/share/yolobot_control/environment/ament_prefix_path.dsv
[0.100s] -- Up-to-date symlink: /home/kwak/yolobot/install/yolobot_control/share/yolobot_control/environment/path.sh
[0.100s] -- Up-to-date symlink: /home/kwak/yolobot/install/yolobot_control/share/yolobot_control/environment/path.dsv
[0.100s] -- Up-to-date symlink: /home/kwak/yolobot/install/yolobot_control/share/yolobot_control/local_setup.bash
[0.100s] -- Up-to-date symlink: /home/kwak/yolobot/install/yolobot_control/share/yolobot_control/local_setup.sh
[0.100s] -- Up-to-date symlink: /home/kwak/yolobot/install/yolobot_control/share/yolobot_control/local_setup.zsh
[0.100s] -- Up-to-date symlink: /home/kwak/yolobot/install/yolobot_control/share/yolobot_control/local_setup.dsv
[0.100s] -- Symlinking: /home/kwak/yolobot/install/yolobot_control/share/yolobot_control/package.dsv
[0.106s] -- Up-to-date symlink: /home/kwak/yolobot/install/yolobot_control/share/ament_index/resource_index/packages/yolobot_control
[0.106s] -- Up-to-date symlink: /home/kwak/yolobot/install/yolobot_control/share/yolobot_control/cmake/yolobot_controlConfig.cmake
[0.107s] -- Up-to-date symlink: /home/kwak/yolobot/install/yolobot_control/share/yolobot_control/cmake/yolobot_controlConfig-version.cmake
[0.107s] -- Up-to-date symlink: /home/kwak/yolobot/install/yolobot_control/share/yolobot_control/package.xml
[0.109s] Invoked command in '/home/kwak/yolobot/build/yolobot_control' returned '0': CMAKE_PREFIX_PATH=${CMAKE_PREFIX_PATH}:/opt/ros/foxy /usr/bin/cmake --install /home/kwak/yolobot/build/yolobot_control
