[0.102s] DEBUG:colcon:Command line arguments: ['/usr/bin/colcon', 'build', '--symlink-install']
[0.102s] DEBUG:colcon:Parsed command line arguments: Namespace(allow_overriding=[], ament_cmake_args=None, base_paths=['.'], build_base='build', catkin_cmake_args=None, catkin_skip_building_tests=False, cmake_args=None, cmake_clean_cache=False, cmake_clean_first=False, cmake_force_configure=False, cmake_target=None, cmake_target_skip_unavailable=False, continue_on_error=False, event_handlers=None, executor='parallel', ignore_user_meta=False, install_base='install', log_base=None, log_level=None, main=<bound method BuildVerb.main of <colcon_core.verb.build.BuildVerb object at 0x7f88ea18d040>>, merge_install=False, metas=['./colcon.meta'], packages_above=None, packages_above_and_dependencies=None, packages_above_depth=None, packages_end=None, packages_ignore=None, packages_ignore_regex=None, packages_select=None, packages_select_build_failed=False, packages_select_by_dep=None, packages_select_regex=None, packages_select_test_failures=False, packages_skip=None, packages_skip_build_finished=False, packages_skip_by_dep=None, packages_skip_regex=None, packages_skip_test_passed=False, packages_skip_up_to=None, packages_start=None, packages_up_to=None, packages_up_to_regex=None, parallel_workers=12, paths=None, symlink_install=True, test_result_base=None, verb_extension=<colcon_core.verb.build.BuildVerb object at 0x7f88ea18d040>, verb_name='build', verb_parser=<colcon_defaults.argument_parser.defaults.DefaultArgumentsDecorator object at 0x7f88ea18d550>)
[0.120s] Level 1:colcon.colcon_core.package_discovery:discover_packages(colcon_meta) check parameters
[0.121s] Level 1:colcon.colcon_core.package_discovery:discover_packages(recursive) check parameters
[0.121s] Level 1:colcon.colcon_core.package_discovery:discover_packages(ignore) check parameters
[0.121s] Level 1:colcon.colcon_core.package_discovery:discover_packages(path) check parameters
[0.121s] Level 1:colcon.colcon_core.package_discovery:discover_packages(colcon_meta) discover
[0.121s] Level 1:colcon.colcon_core.package_discovery:discover_packages(recursive) discover
[0.121s] INFO:colcon.colcon_core.package_discovery:Crawling recursively for packages in '/home/kwak/yolobot'
[0.121s] Level 1:colcon.colcon_core.package_identification:_identify(.) by extensions ['ignore', 'ignore_ament_install']
[0.121s] Level 1:colcon.colcon_core.package_identification:_identify(.) by extension 'ignore'
[0.121s] Level 1:colcon.colcon_core.package_identification:_identify(.) by extension 'ignore_ament_install'
[0.121s] Level 1:colcon.colcon_core.package_identification:_identify(.) by extensions ['colcon_pkg']
[0.121s] Level 1:colcon.colcon_core.package_identification:_identify(.) by extension 'colcon_pkg'
[0.121s] Level 1:colcon.colcon_core.package_identification:_identify(.) by extensions ['colcon_meta']
[0.121s] Level 1:colcon.colcon_core.package_identification:_identify(.) by extension 'colcon_meta'
[0.121s] Level 1:colcon.colcon_core.package_identification:_identify(.) by extensions ['ros']
[0.121s] Level 1:colcon.colcon_core.package_identification:_identify(.) by extension 'ros'
[0.130s] Level 1:colcon.colcon_core.package_identification:_identify(.) by extensions ['cmake', 'python']
[0.130s] Level 1:colcon.colcon_core.package_identification:_identify(.) by extension 'cmake'
[0.130s] Level 1:colcon.colcon_core.package_identification:_identify(.) by extension 'python'
[0.130s] Level 1:colcon.colcon_core.package_identification:_identify(.) by extensions ['python_setup_py']
[0.130s] Level 1:colcon.colcon_core.package_identification:_identify(.) by extension 'python_setup_py'
[0.130s] Level 1:colcon.colcon_core.package_identification:_identify(build) by extensions ['ignore', 'ignore_ament_install']
[0.130s] Level 1:colcon.colcon_core.package_identification:_identify(build) by extension 'ignore'
[0.130s] Level 1:colcon.colcon_core.package_identification:_identify(build) ignored
[0.130s] Level 1:colcon.colcon_core.package_identification:_identify(install) by extensions ['ignore', 'ignore_ament_install']
[0.130s] Level 1:colcon.colcon_core.package_identification:_identify(install) by extension 'ignore'
[0.130s] Level 1:colcon.colcon_core.package_identification:_identify(install) ignored
[0.131s] Level 1:colcon.colcon_core.package_identification:_identify(log) by extensions ['ignore', 'ignore_ament_install']
[0.131s] Level 1:colcon.colcon_core.package_identification:_identify(log) by extension 'ignore'
[0.131s] Level 1:colcon.colcon_core.package_identification:_identify(log) ignored
[0.131s] Level 1:colcon.colcon_core.package_identification:_identify(src) by extensions ['ignore', 'ignore_ament_install']
[0.131s] Level 1:colcon.colcon_core.package_identification:_identify(src) by extension 'ignore'
[0.131s] Level 1:colcon.colcon_core.package_identification:_identify(src) by extension 'ignore_ament_install'
[0.131s] Level 1:colcon.colcon_core.package_identification:_identify(src) by extensions ['colcon_pkg']
[0.131s] Level 1:colcon.colcon_core.package_identification:_identify(src) by extension 'colcon_pkg'
[0.131s] Level 1:colcon.colcon_core.package_identification:_identify(src) by extensions ['colcon_meta']
[0.131s] Level 1:colcon.colcon_core.package_identification:_identify(src) by extension 'colcon_meta'
[0.131s] Level 1:colcon.colcon_core.package_identification:_identify(src) by extensions ['ros']
[0.131s] Level 1:colcon.colcon_core.package_identification:_identify(src) by extension 'ros'
[0.131s] Level 1:colcon.colcon_core.package_identification:_identify(src) by extensions ['cmake', 'python']
[0.131s] Level 1:colcon.colcon_core.package_identification:_identify(src) by extension 'cmake'
[0.131s] Level 1:colcon.colcon_core.package_identification:_identify(src) by extension 'python'
[0.131s] Level 1:colcon.colcon_core.package_identification:_identify(src) by extensions ['python_setup_py']
[0.131s] Level 1:colcon.colcon_core.package_identification:_identify(src) by extension 'python_setup_py'
[0.131s] Level 1:colcon.colcon_core.package_identification:_identify(src/yolobot_control) by extensions ['ignore', 'ignore_ament_install']
[0.131s] Level 1:colcon.colcon_core.package_identification:_identify(src/yolobot_control) by extension 'ignore'
[0.131s] Level 1:colcon.colcon_core.package_identification:_identify(src/yolobot_control) by extension 'ignore_ament_install'
[0.131s] Level 1:colcon.colcon_core.package_identification:_identify(src/yolobot_control) by extensions ['colcon_pkg']
[0.132s] Level 1:colcon.colcon_core.package_identification:_identify(src/yolobot_control) by extension 'colcon_pkg'
[0.132s] Level 1:colcon.colcon_core.package_identification:_identify(src/yolobot_control) by extensions ['colcon_meta']
[0.132s] Level 1:colcon.colcon_core.package_identification:_identify(src/yolobot_control) by extension 'colcon_meta'
[0.132s] Level 1:colcon.colcon_core.package_identification:_identify(src/yolobot_control) by extensions ['ros']
[0.132s] Level 1:colcon.colcon_core.package_identification:_identify(src/yolobot_control) by extension 'ros'
[0.133s] DEBUG:colcon.colcon_core.package_identification:Package 'src/yolobot_control' with type 'ros.ament_cmake' and name 'yolobot_control'
[0.133s] Level 1:colcon.colcon_core.package_identification:_identify(src/yolobot_description) by extensions ['ignore', 'ignore_ament_install']
[0.134s] Level 1:colcon.colcon_core.package_identification:_identify(src/yolobot_description) by extension 'ignore'
[0.134s] Level 1:colcon.colcon_core.package_identification:_identify(src/yolobot_description) by extension 'ignore_ament_install'
[0.134s] Level 1:colcon.colcon_core.package_identification:_identify(src/yolobot_description) by extensions ['colcon_pkg']
[0.134s] Level 1:colcon.colcon_core.package_identification:_identify(src/yolobot_description) by extension 'colcon_pkg'
[0.134s] Level 1:colcon.colcon_core.package_identification:_identify(src/yolobot_description) by extensions ['colcon_meta']
[0.134s] Level 1:colcon.colcon_core.package_identification:_identify(src/yolobot_description) by extension 'colcon_meta'
[0.134s] Level 1:colcon.colcon_core.package_identification:_identify(src/yolobot_description) by extensions ['ros']
[0.134s] Level 1:colcon.colcon_core.package_identification:_identify(src/yolobot_description) by extension 'ros'
[0.134s] DEBUG:colcon.colcon_core.package_identification:Package 'src/yolobot_description' with type 'ros.ament_cmake' and name 'yolobot_description'
[0.134s] Level 1:colcon.colcon_core.package_identification:_identify(src/yolobot_gazebo) by extensions ['ignore', 'ignore_ament_install']
[0.135s] Level 1:colcon.colcon_core.package_identification:_identify(src/yolobot_gazebo) by extension 'ignore'
[0.135s] Level 1:colcon.colcon_core.package_identification:_identify(src/yolobot_gazebo) by extension 'ignore_ament_install'
[0.135s] Level 1:colcon.colcon_core.package_identification:_identify(src/yolobot_gazebo) by extensions ['colcon_pkg']
[0.135s] Level 1:colcon.colcon_core.package_identification:_identify(src/yolobot_gazebo) by extension 'colcon_pkg'
[0.135s] Level 1:colcon.colcon_core.package_identification:_identify(src/yolobot_gazebo) by extensions ['colcon_meta']
[0.135s] Level 1:colcon.colcon_core.package_identification:_identify(src/yolobot_gazebo) by extension 'colcon_meta'
[0.135s] Level 1:colcon.colcon_core.package_identification:_identify(src/yolobot_gazebo) by extensions ['ros']
[0.135s] Level 1:colcon.colcon_core.package_identification:_identify(src/yolobot_gazebo) by extension 'ros'
[0.135s] DEBUG:colcon.colcon_core.package_identification:Package 'src/yolobot_gazebo' with type 'ros.ament_cmake' and name 'yolobot_gazebo'
[0.135s] Level 1:colcon.colcon_core.package_identification:_identify(src/yolobot_recognition) by extensions ['ignore', 'ignore_ament_install']
[0.135s] Level 1:colcon.colcon_core.package_identification:_identify(src/yolobot_recognition) by extension 'ignore'
[0.135s] Level 1:colcon.colcon_core.package_identification:_identify(src/yolobot_recognition) by extension 'ignore_ament_install'
[0.135s] Level 1:colcon.colcon_core.package_identification:_identify(src/yolobot_recognition) by extensions ['colcon_pkg']
[0.135s] Level 1:colcon.colcon_core.package_identification:_identify(src/yolobot_recognition) by extension 'colcon_pkg'
[0.135s] Level 1:colcon.colcon_core.package_identification:_identify(src/yolobot_recognition) by extensions ['colcon_meta']
[0.135s] Level 1:colcon.colcon_core.package_identification:_identify(src/yolobot_recognition) by extension 'colcon_meta'
[0.135s] Level 1:colcon.colcon_core.package_identification:_identify(src/yolobot_recognition) by extensions ['ros']
[0.135s] Level 1:colcon.colcon_core.package_identification:_identify(src/yolobot_recognition) by extension 'ros'
[0.136s] DEBUG:colcon.colcon_core.package_identification:Package 'src/yolobot_recognition' with type 'ros.ament_cmake' and name 'yolobot_recognition'
[0.136s] Level 1:colcon.colcon_core.package_discovery:discover_packages(recursive) using defaults
[0.136s] Level 1:colcon.colcon_core.package_discovery:discover_packages(ignore) discover
[0.136s] Level 1:colcon.colcon_core.package_discovery:discover_packages(ignore) using defaults
[0.136s] Level 1:colcon.colcon_core.package_discovery:discover_packages(path) discover
[0.136s] Level 1:colcon.colcon_core.package_discovery:discover_packages(path) using defaults
[0.150s] Level 1:colcon.colcon_core.package_discovery:discover_packages(prefix_path) check parameters
[0.150s] Level 1:colcon.colcon_core.package_discovery:discover_packages(prefix_path) discover
[0.152s] DEBUG:colcon.colcon_installed_package_information.package_discovery:Found 265 installed packages in /opt/ros/foxy
[0.153s] Level 1:colcon.colcon_core.package_discovery:discover_packages(prefix_path) using defaults
[0.213s] Level 5:colcon.colcon_core.verb:set package 'yolobot_control' build argument 'cmake_args' from command line to 'None'
[0.213s] Level 5:colcon.colcon_core.verb:set package 'yolobot_control' build argument 'cmake_target' from command line to 'None'
[0.213s] Level 5:colcon.colcon_core.verb:set package 'yolobot_control' build argument 'cmake_target_skip_unavailable' from command line to 'False'
[0.213s] Level 5:colcon.colcon_core.verb:set package 'yolobot_control' build argument 'cmake_clean_cache' from command line to 'False'
[0.214s] Level 5:colcon.colcon_core.verb:set package 'yolobot_control' build argument 'cmake_clean_first' from command line to 'False'
[0.214s] Level 5:colcon.colcon_core.verb:set package 'yolobot_control' build argument 'cmake_force_configure' from command line to 'False'
[0.214s] Level 5:colcon.colcon_core.verb:set package 'yolobot_control' build argument 'ament_cmake_args' from command line to 'None'
[0.214s] Level 5:colcon.colcon_core.verb:set package 'yolobot_control' build argument 'catkin_cmake_args' from command line to 'None'
[0.214s] Level 5:colcon.colcon_core.verb:set package 'yolobot_control' build argument 'catkin_skip_building_tests' from command line to 'False'
[0.214s] DEBUG:colcon.colcon_core.verb:Building package 'yolobot_control' with the following arguments: {'ament_cmake_args': None, 'build_base': '/home/kwak/yolobot/build/yolobot_control', 'catkin_cmake_args': None, 'catkin_skip_building_tests': False, 'cmake_args': None, 'cmake_clean_cache': False, 'cmake_clean_first': False, 'cmake_force_configure': False, 'cmake_target': None, 'cmake_target_skip_unavailable': False, 'install_base': '/home/kwak/yolobot/install/yolobot_control', 'merge_install': False, 'path': '/home/kwak/yolobot/src/yolobot_control', 'symlink_install': True, 'test_result_base': None}
[0.214s] Level 5:colcon.colcon_core.verb:set package 'yolobot_description' build argument 'cmake_args' from command line to 'None'
[0.214s] Level 5:colcon.colcon_core.verb:set package 'yolobot_description' build argument 'cmake_target' from command line to 'None'
[0.214s] Level 5:colcon.colcon_core.verb:set package 'yolobot_description' build argument 'cmake_target_skip_unavailable' from command line to 'False'
[0.214s] Level 5:colcon.colcon_core.verb:set package 'yolobot_description' build argument 'cmake_clean_cache' from command line to 'False'
[0.214s] Level 5:colcon.colcon_core.verb:set package 'yolobot_description' build argument 'cmake_clean_first' from command line to 'False'
[0.214s] Level 5:colcon.colcon_core.verb:set package 'yolobot_description' build argument 'cmake_force_configure' from command line to 'False'
[0.215s] Level 5:colcon.colcon_core.verb:set package 'yolobot_description' build argument 'ament_cmake_args' from command line to 'None'
[0.215s] Level 5:colcon.colcon_core.verb:set package 'yolobot_description' build argument 'catkin_cmake_args' from command line to 'None'
[0.215s] Level 5:colcon.colcon_core.verb:set package 'yolobot_description' build argument 'catkin_skip_building_tests' from command line to 'False'
[0.215s] DEBUG:colcon.colcon_core.verb:Building package 'yolobot_description' with the following arguments: {'ament_cmake_args': None, 'build_base': '/home/kwak/yolobot/build/yolobot_description', 'catkin_cmake_args': None, 'catkin_skip_building_tests': False, 'cmake_args': None, 'cmake_clean_cache': False, 'cmake_clean_first': False, 'cmake_force_configure': False, 'cmake_target': None, 'cmake_target_skip_unavailable': False, 'install_base': '/home/kwak/yolobot/install/yolobot_description', 'merge_install': False, 'path': '/home/kwak/yolobot/src/yolobot_description', 'symlink_install': True, 'test_result_base': None}
[0.215s] Level 5:colcon.colcon_core.verb:set package 'yolobot_gazebo' build argument 'cmake_args' from command line to 'None'
[0.215s] Level 5:colcon.colcon_core.verb:set package 'yolobot_gazebo' build argument 'cmake_target' from command line to 'None'
[0.215s] Level 5:colcon.colcon_core.verb:set package 'yolobot_gazebo' build argument 'cmake_target_skip_unavailable' from command line to 'False'
[0.215s] Level 5:colcon.colcon_core.verb:set package 'yolobot_gazebo' build argument 'cmake_clean_cache' from command line to 'False'
[0.215s] Level 5:colcon.colcon_core.verb:set package 'yolobot_gazebo' build argument 'cmake_clean_first' from command line to 'False'
[0.215s] Level 5:colcon.colcon_core.verb:set package 'yolobot_gazebo' build argument 'cmake_force_configure' from command line to 'False'
[0.215s] Level 5:colcon.colcon_core.verb:set package 'yolobot_gazebo' build argument 'ament_cmake_args' from command line to 'None'
[0.215s] Level 5:colcon.colcon_core.verb:set package 'yolobot_gazebo' build argument 'catkin_cmake_args' from command line to 'None'
[0.215s] Level 5:colcon.colcon_core.verb:set package 'yolobot_gazebo' build argument 'catkin_skip_building_tests' from command line to 'False'
[0.215s] DEBUG:colcon.colcon_core.verb:Building package 'yolobot_gazebo' with the following arguments: {'ament_cmake_args': None, 'build_base': '/home/kwak/yolobot/build/yolobot_gazebo', 'catkin_cmake_args': None, 'catkin_skip_building_tests': False, 'cmake_args': None, 'cmake_clean_cache': False, 'cmake_clean_first': False, 'cmake_force_configure': False, 'cmake_target': None, 'cmake_target_skip_unavailable': False, 'install_base': '/home/kwak/yolobot/install/yolobot_gazebo', 'merge_install': False, 'path': '/home/kwak/yolobot/src/yolobot_gazebo', 'symlink_install': True, 'test_result_base': None}
[0.216s] Level 5:colcon.colcon_core.verb:set package 'yolobot_recognition' build argument 'cmake_args' from command line to 'None'
[0.216s] Level 5:colcon.colcon_core.verb:set package 'yolobot_recognition' build argument 'cmake_target' from command line to 'None'
[0.216s] Level 5:colcon.colcon_core.verb:set package 'yolobot_recognition' build argument 'cmake_target_skip_unavailable' from command line to 'False'
[0.216s] Level 5:colcon.colcon_core.verb:set package 'yolobot_recognition' build argument 'cmake_clean_cache' from command line to 'False'
[0.216s] Level 5:colcon.colcon_core.verb:set package 'yolobot_recognition' build argument 'cmake_clean_first' from command line to 'False'
[0.216s] Level 5:colcon.colcon_core.verb:set package 'yolobot_recognition' build argument 'cmake_force_configure' from command line to 'False'
[0.216s] Level 5:colcon.colcon_core.verb:set package 'yolobot_recognition' build argument 'ament_cmake_args' from command line to 'None'
[0.216s] Level 5:colcon.colcon_core.verb:set package 'yolobot_recognition' build argument 'catkin_cmake_args' from command line to 'None'
[0.216s] Level 5:colcon.colcon_core.verb:set package 'yolobot_recognition' build argument 'catkin_skip_building_tests' from command line to 'False'
[0.216s] DEBUG:colcon.colcon_core.verb:Building package 'yolobot_recognition' with the following arguments: {'ament_cmake_args': None, 'build_base': '/home/kwak/yolobot/build/yolobot_recognition', 'catkin_cmake_args': None, 'catkin_skip_building_tests': False, 'cmake_args': None, 'cmake_clean_cache': False, 'cmake_clean_first': False, 'cmake_force_configure': False, 'cmake_target': None, 'cmake_target_skip_unavailable': False, 'install_base': '/home/kwak/yolobot/install/yolobot_recognition', 'merge_install': False, 'path': '/home/kwak/yolobot/src/yolobot_recognition', 'symlink_install': True, 'test_result_base': None}
[0.216s] INFO:colcon.colcon_core.executor:Executing jobs using 'parallel' executor
[0.218s] DEBUG:colcon.colcon_parallel_executor.executor.parallel:run_until_complete
[0.218s] INFO:colcon.colcon_ros.task.ament_cmake.build:Building ROS package in '/home/kwak/yolobot/src/yolobot_control' with build type 'ament_cmake'
[0.218s] INFO:colcon.colcon_cmake.task.cmake.build:Building CMake package in '/home/kwak/yolobot/src/yolobot_control'
[0.221s] INFO:colcon.colcon_core.plugin_system:Skipping extension 'colcon_core.shell.bat': Not used on non-Windows systems
[0.221s] INFO:colcon.colcon_core.shell:Skip shell extension 'powershell' for command environment: Not usable outside of PowerShell
[0.221s] DEBUG:colcon.colcon_core.shell:Skip shell extension 'dsv' for command environment
[0.224s] INFO:colcon.colcon_ros.task.ament_cmake.build:Building ROS package in '/home/kwak/yolobot/src/yolobot_description' with build type 'ament_cmake'
[0.225s] INFO:colcon.colcon_cmake.task.cmake.build:Building CMake package in '/home/kwak/yolobot/src/yolobot_description'
[0.225s] INFO:colcon.colcon_core.shell:Skip shell extension 'powershell' for command environment: Not usable outside of PowerShell
[0.225s] DEBUG:colcon.colcon_core.shell:Skip shell extension 'dsv' for command environment
[0.228s] INFO:colcon.colcon_ros.task.ament_cmake.build:Building ROS package in '/home/kwak/yolobot/src/yolobot_gazebo' with build type 'ament_cmake'
[0.228s] INFO:colcon.colcon_cmake.task.cmake.build:Building CMake package in '/home/kwak/yolobot/src/yolobot_gazebo'
[0.229s] INFO:colcon.colcon_core.shell:Skip shell extension 'powershell' for command environment: Not usable outside of PowerShell
[0.229s] DEBUG:colcon.colcon_core.shell:Skip shell extension 'dsv' for command environment
[0.232s] INFO:colcon.colcon_ros.task.ament_cmake.build:Building ROS package in '/home/kwak/yolobot/src/yolobot_recognition' with build type 'ament_cmake'
[0.233s] INFO:colcon.colcon_cmake.task.cmake.build:Building CMake package in '/home/kwak/yolobot/src/yolobot_recognition'
[0.233s] INFO:colcon.colcon_core.shell:Skip shell extension 'powershell' for command environment: Not usable outside of PowerShell
[0.234s] DEBUG:colcon.colcon_core.shell:Skip shell extension 'dsv' for command environment
[0.243s] DEBUG:colcon.colcon_core.event_handler.log_command:Invoking command in '/home/kwak/yolobot/build/yolobot_control': CMAKE_PREFIX_PATH=/opt/ros/foxy /usr/bin/cmake --build /home/kwak/yolobot/build/yolobot_control -- -j12 -l12
[0.247s] DEBUG:colcon.colcon_core.event_handler.log_command:Invoking command in '/home/kwak/yolobot/build/yolobot_description': CMAKE_PREFIX_PATH=/opt/ros/foxy /usr/bin/cmake --build /home/kwak/yolobot/build/yolobot_description -- -j12 -l12
[0.250s] DEBUG:colcon.colcon_core.event_handler.log_command:Invoking command in '/home/kwak/yolobot/build/yolobot_gazebo': CMAKE_PREFIX_PATH=/opt/ros/foxy /usr/bin/cmake --build /home/kwak/yolobot/build/yolobot_gazebo -- -j12 -l12
[0.256s] DEBUG:colcon.colcon_core.event_handler.log_command:Invoking command in '/home/kwak/yolobot/build/yolobot_recognition': CMAKE_PREFIX_PATH=/opt/ros/foxy /usr/bin/cmake --build /home/kwak/yolobot/build/yolobot_recognition -- -j12 -l12
[0.273s] DEBUG:colcon.colcon_core.event_handler.log_command:Invoked command in '/home/kwak/yolobot/build/yolobot_control' returned '0': CMAKE_PREFIX_PATH=/opt/ros/foxy /usr/bin/cmake --build /home/kwak/yolobot/build/yolobot_control -- -j12 -l12
[0.278s] DEBUG:colcon.colcon_core.event_handler.log_command:Invoked command in '/home/kwak/yolobot/build/yolobot_description' returned '0': CMAKE_PREFIX_PATH=/opt/ros/foxy /usr/bin/cmake --build /home/kwak/yolobot/build/yolobot_description -- -j12 -l12
[0.282s] DEBUG:colcon.colcon_core.event_handler.log_command:Invoked command in '/home/kwak/yolobot/build/yolobot_gazebo' returned '0': CMAKE_PREFIX_PATH=/opt/ros/foxy /usr/bin/cmake --build /home/kwak/yolobot/build/yolobot_gazebo -- -j12 -l12
[0.286s] DEBUG:colcon.colcon_core.event_handler.log_command:Invoked command in '/home/kwak/yolobot/build/yolobot_recognition' returned '0': CMAKE_PREFIX_PATH=/opt/ros/foxy /usr/bin/cmake --build /home/kwak/yolobot/build/yolobot_recognition -- -j12 -l12
[0.298s] DEBUG:colcon.colcon_core.event_handler.log_command:Invoking command in '/home/kwak/yolobot/build/yolobot_control': CMAKE_PREFIX_PATH=/opt/ros/foxy /usr/bin/cmake --install /home/kwak/yolobot/build/yolobot_control
[0.301s] DEBUG:colcon.colcon_core.event_handler.log_command:Invoking command in '/home/kwak/yolobot/build/yolobot_description': CMAKE_PREFIX_PATH=/opt/ros/foxy /usr/bin/cmake --install /home/kwak/yolobot/build/yolobot_description
[0.304s] DEBUG:colcon.colcon_core.event_handler.log_command:Invoking command in '/home/kwak/yolobot/build/yolobot_gazebo': CMAKE_PREFIX_PATH=/opt/ros/foxy /usr/bin/cmake --install /home/kwak/yolobot/build/yolobot_gazebo
[0.308s] DEBUG:colcon.colcon_core.event_handler.log_command:Invoking command in '/home/kwak/yolobot/build/yolobot_recognition': CMAKE_PREFIX_PATH=/opt/ros/foxy /usr/bin/cmake --install /home/kwak/yolobot/build/yolobot_recognition
[0.317s] Level 1:colcon.colcon_core.environment:create_environment_scripts_only(yolobot_control)
[0.319s] DEBUG:colcon.colcon_core.event_handler.log_command:Invoked command in '/home/kwak/yolobot/build/yolobot_control' returned '0': CMAKE_PREFIX_PATH=/opt/ros/foxy /usr/bin/cmake --install /home/kwak/yolobot/build/yolobot_control
[0.322s] Level 1:colcon.colcon_core.environment:checking '/home/kwak/yolobot/install/yolobot_control' for CMake module files
[0.322s] Level 1:colcon.colcon_core.environment:checking '/home/kwak/yolobot/install/yolobot_control' for CMake config files
[0.323s] Level 1:colcon.colcon_core.shell:create_environment_hook('yolobot_control', 'cmake_prefix_path')
[0.323s] INFO:colcon.colcon_core.shell:Creating environment hook '/home/kwak/yolobot/install/yolobot_control/share/yolobot_control/hook/cmake_prefix_path.ps1'
[0.324s] INFO:colcon.colcon_core.shell:Creating environment descriptor '/home/kwak/yolobot/install/yolobot_control/share/yolobot_control/hook/cmake_prefix_path.dsv'
[0.325s] INFO:colcon.colcon_core.shell:Creating environment hook '/home/kwak/yolobot/install/yolobot_control/share/yolobot_control/hook/cmake_prefix_path.sh'
[0.326s] Level 1:colcon.colcon_core.environment:checking '/home/kwak/yolobot/install/yolobot_control/lib'
[0.326s] Level 1:colcon.colcon_core.environment:checking '/home/kwak/yolobot/install/yolobot_control/bin'
[0.326s] Level 1:colcon.colcon_core.environment:checking '/home/kwak/yolobot/install/yolobot_control/lib/pkgconfig/yolobot_control.pc'
[0.326s] Level 1:colcon.colcon_core.environment:checking '/home/kwak/yolobot/install/yolobot_control/lib/python3.8/site-packages'
[0.327s] Level 1:colcon.colcon_core.environment:checking '/home/kwak/yolobot/install/yolobot_control/bin'
[0.327s] INFO:colcon.colcon_core.shell:Creating package script '/home/kwak/yolobot/install/yolobot_control/share/yolobot_control/package.ps1'
[0.328s] INFO:colcon.colcon_core.shell:Creating package descriptor '/home/kwak/yolobot/install/yolobot_control/share/yolobot_control/package.dsv'
[0.328s] INFO:colcon.colcon_core.shell:Creating package script '/home/kwak/yolobot/install/yolobot_control/share/yolobot_control/package.sh'
[0.328s] INFO:colcon.colcon_core.shell:Creating package script '/home/kwak/yolobot/install/yolobot_control/share/yolobot_control/package.bash'
[0.329s] INFO:colcon.colcon_core.shell:Creating package script '/home/kwak/yolobot/install/yolobot_control/share/yolobot_control/package.zsh'
[0.329s] Level 1:colcon.colcon_core.environment:create_file_with_runtime_dependencies(/home/kwak/yolobot/install/yolobot_control/share/colcon-core/packages/yolobot_control)
[0.333s] Level 1:colcon.colcon_core.environment:create_environment_scripts_only(yolobot_description)
[0.334s] Level 1:colcon.colcon_core.environment:checking '/home/kwak/yolobot/install/yolobot_description' for CMake module files
[0.334s] DEBUG:colcon.colcon_core.event_handler.log_command:Invoked command in '/home/kwak/yolobot/build/yolobot_description' returned '0': CMAKE_PREFIX_PATH=/opt/ros/foxy /usr/bin/cmake --install /home/kwak/yolobot/build/yolobot_description
[0.334s] Level 1:colcon.colcon_core.environment:checking '/home/kwak/yolobot/install/yolobot_description' for CMake config files
[0.335s] Level 1:colcon.colcon_core.shell:create_environment_hook('yolobot_description', 'cmake_prefix_path')
[0.335s] INFO:colcon.colcon_core.shell:Creating environment hook '/home/kwak/yolobot/install/yolobot_description/share/yolobot_description/hook/cmake_prefix_path.ps1'
[0.335s] INFO:colcon.colcon_core.shell:Creating environment descriptor '/home/kwak/yolobot/install/yolobot_description/share/yolobot_description/hook/cmake_prefix_path.dsv'
[0.336s] INFO:colcon.colcon_core.shell:Creating environment hook '/home/kwak/yolobot/install/yolobot_description/share/yolobot_description/hook/cmake_prefix_path.sh'
[0.336s] Level 1:colcon.colcon_core.environment:checking '/home/kwak/yolobot/install/yolobot_description/lib'
[0.336s] Level 1:colcon.colcon_core.environment:checking '/home/kwak/yolobot/install/yolobot_description/bin'
[0.336s] Level 1:colcon.colcon_core.environment:checking '/home/kwak/yolobot/install/yolobot_description/lib/pkgconfig/yolobot_description.pc'
[0.337s] Level 1:colcon.colcon_core.environment:checking '/home/kwak/yolobot/install/yolobot_description/lib/python3.8/site-packages'
[0.337s] Level 1:colcon.colcon_core.environment:checking '/home/kwak/yolobot/install/yolobot_description/bin'
[0.337s] INFO:colcon.colcon_core.shell:Creating package script '/home/kwak/yolobot/install/yolobot_description/share/yolobot_description/package.ps1'
[0.338s] INFO:colcon.colcon_core.shell:Creating package descriptor '/home/kwak/yolobot/install/yolobot_description/share/yolobot_description/package.dsv'
[0.338s] INFO:colcon.colcon_core.shell:Creating package script '/home/kwak/yolobot/install/yolobot_description/share/yolobot_description/package.sh'
[0.338s] INFO:colcon.colcon_core.shell:Creating package script '/home/kwak/yolobot/install/yolobot_description/share/yolobot_description/package.bash'
[0.338s] INFO:colcon.colcon_core.shell:Creating package script '/home/kwak/yolobot/install/yolobot_description/share/yolobot_description/package.zsh'
[0.339s] Level 1:colcon.colcon_core.environment:create_file_with_runtime_dependencies(/home/kwak/yolobot/install/yolobot_description/share/colcon-core/packages/yolobot_description)
[0.341s] Level 1:colcon.colcon_core.environment:create_environment_scripts_only(yolobot_gazebo)
[0.342s] Level 1:colcon.colcon_core.environment:checking '/home/kwak/yolobot/install/yolobot_gazebo' for CMake module files
[0.342s] DEBUG:colcon.colcon_core.event_handler.log_command:Invoked command in '/home/kwak/yolobot/build/yolobot_gazebo' returned '0': CMAKE_PREFIX_PATH=/opt/ros/foxy /usr/bin/cmake --install /home/kwak/yolobot/build/yolobot_gazebo
[0.343s] Level 1:colcon.colcon_core.environment:checking '/home/kwak/yolobot/install/yolobot_gazebo' for CMake config files
[0.343s] Level 1:colcon.colcon_core.shell:create_environment_hook('yolobot_gazebo', 'cmake_prefix_path')
[0.343s] INFO:colcon.colcon_core.shell:Creating environment hook '/home/kwak/yolobot/install/yolobot_gazebo/share/yolobot_gazebo/hook/cmake_prefix_path.ps1'
[0.344s] INFO:colcon.colcon_core.shell:Creating environment descriptor '/home/kwak/yolobot/install/yolobot_gazebo/share/yolobot_gazebo/hook/cmake_prefix_path.dsv'
[0.344s] INFO:colcon.colcon_core.shell:Creating environment hook '/home/kwak/yolobot/install/yolobot_gazebo/share/yolobot_gazebo/hook/cmake_prefix_path.sh'
[0.345s] Level 1:colcon.colcon_core.environment:checking '/home/kwak/yolobot/install/yolobot_gazebo/bin'
[0.345s] Level 1:colcon.colcon_core.environment:checking '/home/kwak/yolobot/install/yolobot_gazebo/lib/pkgconfig/yolobot_gazebo.pc'
[0.345s] Level 1:colcon.colcon_core.environment:checking '/home/kwak/yolobot/install/yolobot_gazebo/lib/python3.8/site-packages'
[0.345s] Level 1:colcon.colcon_core.environment:checking '/home/kwak/yolobot/install/yolobot_gazebo/bin'
[0.346s] INFO:colcon.colcon_core.shell:Creating package script '/home/kwak/yolobot/install/yolobot_gazebo/share/yolobot_gazebo/package.ps1'
[0.346s] INFO:colcon.colcon_core.shell:Creating package descriptor '/home/kwak/yolobot/install/yolobot_gazebo/share/yolobot_gazebo/package.dsv'
[0.346s] INFO:colcon.colcon_core.shell:Creating package script '/home/kwak/yolobot/install/yolobot_gazebo/share/yolobot_gazebo/package.sh'
[0.346s] INFO:colcon.colcon_core.shell:Creating package script '/home/kwak/yolobot/install/yolobot_gazebo/share/yolobot_gazebo/package.bash'
[0.347s] INFO:colcon.colcon_core.shell:Creating package script '/home/kwak/yolobot/install/yolobot_gazebo/share/yolobot_gazebo/package.zsh'
[0.347s] Level 1:colcon.colcon_core.environment:create_file_with_runtime_dependencies(/home/kwak/yolobot/install/yolobot_gazebo/share/colcon-core/packages/yolobot_gazebo)
[0.349s] Level 1:colcon.colcon_core.environment:create_environment_scripts_only(yolobot_recognition)
[0.350s] Level 1:colcon.colcon_core.environment:checking '/home/kwak/yolobot/install/yolobot_recognition' for CMake module files
[0.351s] DEBUG:colcon.colcon_core.event_handler.log_command:Invoked command in '/home/kwak/yolobot/build/yolobot_recognition' returned '0': CMAKE_PREFIX_PATH=/opt/ros/foxy /usr/bin/cmake --install /home/kwak/yolobot/build/yolobot_recognition
[0.351s] Level 1:colcon.colcon_core.environment:checking '/home/kwak/yolobot/install/yolobot_recognition' for CMake config files
[0.351s] Level 1:colcon.colcon_core.shell:create_environment_hook('yolobot_recognition', 'cmake_prefix_path')
[0.352s] INFO:colcon.colcon_core.shell:Creating environment hook '/home/kwak/yolobot/install/yolobot_recognition/share/yolobot_recognition/hook/cmake_prefix_path.ps1'
[0.352s] INFO:colcon.colcon_core.shell:Creating environment descriptor '/home/kwak/yolobot/install/yolobot_recognition/share/yolobot_recognition/hook/cmake_prefix_path.dsv'
[0.353s] INFO:colcon.colcon_core.shell:Creating environment hook '/home/kwak/yolobot/install/yolobot_recognition/share/yolobot_recognition/hook/cmake_prefix_path.sh'
[0.353s] Level 1:colcon.colcon_core.environment:checking '/home/kwak/yolobot/install/yolobot_recognition/bin'
[0.353s] Level 1:colcon.colcon_core.environment:checking '/home/kwak/yolobot/install/yolobot_recognition/lib/pkgconfig/yolobot_recognition.pc'
[0.353s] Level 1:colcon.colcon_core.environment:checking '/home/kwak/yolobot/install/yolobot_recognition/lib/python3.8/site-packages'
[0.354s] Level 1:colcon.colcon_core.environment:checking '/home/kwak/yolobot/install/yolobot_recognition/bin'
[0.354s] INFO:colcon.colcon_core.shell:Creating package script '/home/kwak/yolobot/install/yolobot_recognition/share/yolobot_recognition/package.ps1'
[0.354s] INFO:colcon.colcon_core.shell:Creating package descriptor '/home/kwak/yolobot/install/yolobot_recognition/share/yolobot_recognition/package.dsv'
[0.355s] INFO:colcon.colcon_core.shell:Creating package script '/home/kwak/yolobot/install/yolobot_recognition/share/yolobot_recognition/package.sh'
[0.355s] INFO:colcon.colcon_core.shell:Creating package script '/home/kwak/yolobot/install/yolobot_recognition/share/yolobot_recognition/package.bash'
[0.355s] INFO:colcon.colcon_core.shell:Creating package script '/home/kwak/yolobot/install/yolobot_recognition/share/yolobot_recognition/package.zsh'
[0.355s] Level 1:colcon.colcon_core.environment:create_file_with_runtime_dependencies(/home/kwak/yolobot/install/yolobot_recognition/share/colcon-core/packages/yolobot_recognition)
[0.358s] Level 1:colcon.colcon_core.environment:create_environment_scripts_only(yolobot_control)
[0.359s] Level 1:colcon.colcon_core.environment:checking '/home/kwak/yolobot/install/yolobot_control' for CMake module files
[0.360s] Level 1:colcon.colcon_core.environment:checking '/home/kwak/yolobot/install/yolobot_control' for CMake config files
[0.360s] Level 1:colcon.colcon_core.shell:create_environment_hook('yolobot_control', 'cmake_prefix_path')
[0.360s] INFO:colcon.colcon_core.shell:Creating environment hook '/home/kwak/yolobot/install/yolobot_control/share/yolobot_control/hook/cmake_prefix_path.ps1'
[0.360s] INFO:colcon.colcon_core.shell:Creating environment descriptor '/home/kwak/yolobot/install/yolobot_control/share/yolobot_control/hook/cmake_prefix_path.dsv'
[0.361s] INFO:colcon.colcon_core.shell:Creating environment hook '/home/kwak/yolobot/install/yolobot_control/share/yolobot_control/hook/cmake_prefix_path.sh'
[0.361s] Level 1:colcon.colcon_core.environment:checking '/home/kwak/yolobot/install/yolobot_control/lib'
[0.361s] Level 1:colcon.colcon_core.environment:checking '/home/kwak/yolobot/install/yolobot_control/bin'
[0.361s] Level 1:colcon.colcon_core.environment:checking '/home/kwak/yolobot/install/yolobot_control/lib/pkgconfig/yolobot_control.pc'
[0.362s] Level 1:colcon.colcon_core.environment:checking '/home/kwak/yolobot/install/yolobot_control/lib/python3.8/site-packages'
[0.362s] Level 1:colcon.colcon_core.environment:checking '/home/kwak/yolobot/install/yolobot_control/bin'
[0.362s] INFO:colcon.colcon_core.shell:Creating package script '/home/kwak/yolobot/install/yolobot_control/share/yolobot_control/package.ps1'
[0.363s] INFO:colcon.colcon_core.shell:Creating package descriptor '/home/kwak/yolobot/install/yolobot_control/share/yolobot_control/package.dsv'
[0.363s] INFO:colcon.colcon_core.shell:Creating package script '/home/kwak/yolobot/install/yolobot_control/share/yolobot_control/package.sh'
[0.364s] INFO:colcon.colcon_core.shell:Creating package script '/home/kwak/yolobot/install/yolobot_control/share/yolobot_control/package.bash'
[0.364s] INFO:colcon.colcon_core.shell:Creating package script '/home/kwak/yolobot/install/yolobot_control/share/yolobot_control/package.zsh'
[0.364s] Level 1:colcon.colcon_core.environment:create_file_with_runtime_dependencies(/home/kwak/yolobot/install/yolobot_control/share/colcon-core/packages/yolobot_control)
[0.365s] Level 1:colcon.colcon_core.environment:create_environment_scripts_only(yolobot_description)
[0.366s] Level 1:colcon.colcon_core.environment:checking '/home/kwak/yolobot/install/yolobot_description' for CMake module files
[0.366s] Level 1:colcon.colcon_core.environment:checking '/home/kwak/yolobot/install/yolobot_description' for CMake config files
[0.367s] Level 1:colcon.colcon_core.shell:create_environment_hook('yolobot_description', 'cmake_prefix_path')
[0.367s] INFO:colcon.colcon_core.shell:Creating environment hook '/home/kwak/yolobot/install/yolobot_description/share/yolobot_description/hook/cmake_prefix_path.ps1'
[0.367s] INFO:colcon.colcon_core.shell:Creating environment descriptor '/home/kwak/yolobot/install/yolobot_description/share/yolobot_description/hook/cmake_prefix_path.dsv'
[0.367s] INFO:colcon.colcon_core.shell:Creating environment hook '/home/kwak/yolobot/install/yolobot_description/share/yolobot_description/hook/cmake_prefix_path.sh'
[0.368s] Level 1:colcon.colcon_core.environment:checking '/home/kwak/yolobot/install/yolobot_description/lib'
[0.368s] Level 1:colcon.colcon_core.environment:checking '/home/kwak/yolobot/install/yolobot_description/bin'
[0.368s] Level 1:colcon.colcon_core.environment:checking '/home/kwak/yolobot/install/yolobot_description/lib/pkgconfig/yolobot_description.pc'
[0.368s] Level 1:colcon.colcon_core.environment:checking '/home/kwak/yolobot/install/yolobot_description/lib/python3.8/site-packages'
[0.368s] Level 1:colcon.colcon_core.environment:checking '/home/kwak/yolobot/install/yolobot_description/bin'
[0.369s] INFO:colcon.colcon_core.shell:Creating package script '/home/kwak/yolobot/install/yolobot_description/share/yolobot_description/package.ps1'
[0.369s] INFO:colcon.colcon_core.shell:Creating package descriptor '/home/kwak/yolobot/install/yolobot_description/share/yolobot_description/package.dsv'
[0.369s] INFO:colcon.colcon_core.shell:Creating package script '/home/kwak/yolobot/install/yolobot_description/share/yolobot_description/package.sh'
[0.370s] INFO:colcon.colcon_core.shell:Creating package script '/home/kwak/yolobot/install/yolobot_description/share/yolobot_description/package.bash'
[0.370s] INFO:colcon.colcon_core.shell:Creating package script '/home/kwak/yolobot/install/yolobot_description/share/yolobot_description/package.zsh'
[0.370s] Level 1:colcon.colcon_core.environment:create_file_with_runtime_dependencies(/home/kwak/yolobot/install/yolobot_description/share/colcon-core/packages/yolobot_description)
[0.371s] Level 1:colcon.colcon_core.environment:create_environment_scripts_only(yolobot_gazebo)
[0.372s] Level 1:colcon.colcon_core.environment:checking '/home/kwak/yolobot/install/yolobot_gazebo' for CMake module files
[0.372s] Level 1:colcon.colcon_core.environment:checking '/home/kwak/yolobot/install/yolobot_gazebo' for CMake config files
[0.372s] Level 1:colcon.colcon_core.shell:create_environment_hook('yolobot_gazebo', 'cmake_prefix_path')
[0.373s] INFO:colcon.colcon_core.shell:Creating environment hook '/home/kwak/yolobot/install/yolobot_gazebo/share/yolobot_gazebo/hook/cmake_prefix_path.ps1'
[0.373s] INFO:colcon.colcon_core.shell:Creating environment descriptor '/home/kwak/yolobot/install/yolobot_gazebo/share/yolobot_gazebo/hook/cmake_prefix_path.dsv'
[0.373s] INFO:colcon.colcon_core.shell:Creating environment hook '/home/kwak/yolobot/install/yolobot_gazebo/share/yolobot_gazebo/hook/cmake_prefix_path.sh'
[0.374s] Level 1:colcon.colcon_core.environment:checking '/home/kwak/yolobot/install/yolobot_gazebo/bin'
[0.374s] Level 1:colcon.colcon_core.environment:checking '/home/kwak/yolobot/install/yolobot_gazebo/lib/pkgconfig/yolobot_gazebo.pc'
[0.374s] Level 1:colcon.colcon_core.environment:checking '/home/kwak/yolobot/install/yolobot_gazebo/lib/python3.8/site-packages'
[0.374s] Level 1:colcon.colcon_core.environment:checking '/home/kwak/yolobot/install/yolobot_gazebo/bin'
[0.374s] INFO:colcon.colcon_core.shell:Creating package script '/home/kwak/yolobot/install/yolobot_gazebo/share/yolobot_gazebo/package.ps1'
[0.375s] INFO:colcon.colcon_core.shell:Creating package descriptor '/home/kwak/yolobot/install/yolobot_gazebo/share/yolobot_gazebo/package.dsv'
[0.375s] INFO:colcon.colcon_core.shell:Creating package script '/home/kwak/yolobot/install/yolobot_gazebo/share/yolobot_gazebo/package.sh'
[0.375s] INFO:colcon.colcon_core.shell:Creating package script '/home/kwak/yolobot/install/yolobot_gazebo/share/yolobot_gazebo/package.bash'
[0.376s] INFO:colcon.colcon_core.shell:Creating package script '/home/kwak/yolobot/install/yolobot_gazebo/share/yolobot_gazebo/package.zsh'
[0.376s] Level 1:colcon.colcon_core.environment:create_file_with_runtime_dependencies(/home/kwak/yolobot/install/yolobot_gazebo/share/colcon-core/packages/yolobot_gazebo)
[0.377s] Level 1:colcon.colcon_core.environment:create_environment_scripts_only(yolobot_recognition)
[0.377s] Level 1:colcon.colcon_core.environment:checking '/home/kwak/yolobot/install/yolobot_recognition' for CMake module files
[0.378s] Level 1:colcon.colcon_core.environment:checking '/home/kwak/yolobot/install/yolobot_recognition' for CMake config files
[0.378s] Level 1:colcon.colcon_core.shell:create_environment_hook('yolobot_recognition', 'cmake_prefix_path')
[0.378s] INFO:colcon.colcon_core.shell:Creating environment hook '/home/kwak/yolobot/install/yolobot_recognition/share/yolobot_recognition/hook/cmake_prefix_path.ps1'
[0.379s] INFO:colcon.colcon_core.shell:Creating environment descriptor '/home/kwak/yolobot/install/yolobot_recognition/share/yolobot_recognition/hook/cmake_prefix_path.dsv'
[0.379s] INFO:colcon.colcon_core.shell:Creating environment hook '/home/kwak/yolobot/install/yolobot_recognition/share/yolobot_recognition/hook/cmake_prefix_path.sh'
[0.379s] Level 1:colcon.colcon_core.environment:checking '/home/kwak/yolobot/install/yolobot_recognition/bin'
[0.379s] Level 1:colcon.colcon_core.environment:checking '/home/kwak/yolobot/install/yolobot_recognition/lib/pkgconfig/yolobot_recognition.pc'
[0.379s] Level 1:colcon.colcon_core.environment:checking '/home/kwak/yolobot/install/yolobot_recognition/lib/python3.8/site-packages'
[0.380s] Level 1:colcon.colcon_core.environment:checking '/home/kwak/yolobot/install/yolobot_recognition/bin'
[0.380s] INFO:colcon.colcon_core.shell:Creating package script '/home/kwak/yolobot/install/yolobot_recognition/share/yolobot_recognition/package.ps1'
[0.380s] INFO:colcon.colcon_core.shell:Creating package descriptor '/home/kwak/yolobot/install/yolobot_recognition/share/yolobot_recognition/package.dsv'
[0.381s] INFO:colcon.colcon_core.shell:Creating package script '/home/kwak/yolobot/install/yolobot_recognition/share/yolobot_recognition/package.sh'
[0.381s] INFO:colcon.colcon_core.shell:Creating package script '/home/kwak/yolobot/install/yolobot_recognition/share/yolobot_recognition/package.bash'
[0.381s] INFO:colcon.colcon_core.shell:Creating package script '/home/kwak/yolobot/install/yolobot_recognition/share/yolobot_recognition/package.zsh'
[0.381s] Level 1:colcon.colcon_core.environment:create_file_with_runtime_dependencies(/home/kwak/yolobot/install/yolobot_recognition/share/colcon-core/packages/yolobot_recognition)
[0.382s] DEBUG:colcon.colcon_parallel_executor.executor.parallel:closing loop
[0.382s] DEBUG:colcon.colcon_parallel_executor.executor.parallel:loop closed
[0.382s] DEBUG:colcon.colcon_parallel_executor.executor.parallel:run_until_complete finished with '0'
[0.382s] DEBUG:colcon.colcon_core.event_reactor:joining thread
[0.387s] INFO:colcon.colcon_core.plugin_system:Skipping extension 'colcon_notification.desktop_notification.terminal_notifier': Not used on non-Darwin systems
[0.387s] INFO:colcon.colcon_core.plugin_system:Skipping extension 'colcon_notification.desktop_notification.win32': Not used on non-Windows systems
[0.387s] INFO:colcon.colcon_notification.desktop_notification:Sending desktop notification using 'notify2'
[0.398s] DEBUG:colcon.colcon_core.event_reactor:joined thread
[0.399s] INFO:colcon.colcon_core.shell:Creating prefix script '/home/kwak/yolobot/install/local_setup.ps1'
[0.400s] INFO:colcon.colcon_core.shell:Creating prefix util module '/home/kwak/yolobot/install/_local_setup_util_ps1.py'
[0.401s] INFO:colcon.colcon_core.shell:Creating prefix chain script '/home/kwak/yolobot/install/setup.ps1'
[0.401s] INFO:colcon.colcon_core.shell:Creating prefix script '/home/kwak/yolobot/install/local_setup.sh'
[0.402s] INFO:colcon.colcon_core.shell:Creating prefix util module '/home/kwak/yolobot/install/_local_setup_util_sh.py'
[0.402s] INFO:colcon.colcon_core.shell:Creating prefix chain script '/home/kwak/yolobot/install/setup.sh'
[0.403s] INFO:colcon.colcon_core.shell:Creating prefix script '/home/kwak/yolobot/install/local_setup.bash'
[0.403s] INFO:colcon.colcon_core.shell:Creating prefix chain script '/home/kwak/yolobot/install/setup.bash'
[0.404s] INFO:colcon.colcon_core.shell:Creating prefix script '/home/kwak/yolobot/install/local_setup.zsh'
[0.404s] INFO:colcon.colcon_core.shell:Creating prefix chain script '/home/kwak/yolobot/install/setup.zsh'
