[0.023s] Invoking command in '/home/kwak/yolobot/build/yolobot_description': CMAKE_PREFIX_PATH=${CMAKE_PREFIX_PATH}:/opt/ros/foxy /usr/bin/cmake /home/kwak/yolobot/src/yolobot_description -DAMENT_CMAKE_SYMLINK_INSTALL=1 -DCMAKE_INSTALL_PREFIX=/home/kwak/yolobot/install/yolobot_description
[0.034s] -- Found ament_cmake: 0.9.9 (/opt/ros/foxy/share/ament_cmake/cmake)
[0.054s] -- Using PYTHON_EXECUTABLE: /usr/bin/python3
[0.228s] -- Override CMake install command with custom implementation using symlinks instead of copying resources
[0.237s] -- Found urdf: 2.4.0 (/opt/ros/foxy/share/urdf/cmake)
[0.256s] -- Found ament_lint_auto: 0.9.6 (/opt/ros/foxy/share/ament_lint_auto/cmake)
[0.310s] -- Added test 'copyright' to check source files copyright and LICENSE
[0.311s] -- Added test 'flake8' to check Python code syntax and style conventions
[0.311s] -- Added test 'lint_cmake' to check CMake code style
[0.312s] -- Added test 'pep257' to check Python code against some of the style conventions in PEP 257
[0.312s] -- Added test 'xmllint' to check XML markup files
[0.314s] -- Configuring done
[0.318s] -- Generating done
[0.318s] -- Build files have been written to: /home/kwak/yolobot/build/yolobot_description
[0.323s] Invoked command in '/home/kwak/yolobot/build/yolobot_description' returned '0': CMAKE_PREFIX_PATH=${CMAKE_PREFIX_PATH}:/opt/ros/foxy /usr/bin/cmake /home/kwak/yolobot/src/yolobot_description -DAMENT_CMAKE_SYMLINK_INSTALL=1 -DCMAKE_INSTALL_PREFIX=/home/kwak/yolobot/install/yolobot_description
[0.325s] Invoking command in '/home/kwak/yolobot/build/yolobot_description': CMAKE_PREFIX_PATH=${CMAKE_PREFIX_PATH}:/opt/ros/foxy /usr/bin/cmake --build /home/kwak/yolobot/build/yolobot_description -- -j12 -l12
[0.365s] Invoked command in '/home/kwak/yolobot/build/yolobot_description' returned '0': CMAKE_PREFIX_PATH=${CMAKE_PREFIX_PATH}:/opt/ros/foxy /usr/bin/cmake --build /home/kwak/yolobot/build/yolobot_description -- -j12 -l12
[0.383s] Invoking command in '/home/kwak/yolobot/build/yolobot_description': CMAKE_PREFIX_PATH=${CMAKE_PREFIX_PATH}:/opt/ros/foxy /usr/bin/cmake --install /home/kwak/yolobot/build/yolobot_description
[0.390s] -- Install configuration: ""
[0.391s] -- Execute custom install script
[0.391s] -- Symlinking: /home/kwak/yolobot/install/yolobot_description/share/yolobot_description//launch/spawn_yolobot.py
[0.398s] -- Symlinking: /home/kwak/yolobot/install/yolobot_description/share/yolobot_description//launch/spawn_yolobot_launch.launch.py
[0.405s] -- Symlinking: /home/kwak/yolobot/install/yolobot_description/share/yolobot_description//robot/yolobot.urdf
[0.412s] -- Symlinking: /home/kwak/yolobot/install/yolobot_description/lib/yolobot_description/spawn_yolobot.py
[0.419s] -- Symlinking: /home/kwak/yolobot/install/yolobot_description/share/ament_index/resource_index/package_run_dependencies/yolobot_description
[0.427s] -- Symlinking: /home/kwak/yolobot/install/yolobot_description/share/ament_index/resource_index/parent_prefix_path/yolobot_description
[0.434s] -- Symlinking: /home/kwak/yolobot/install/yolobot_description/share/yolobot_description/environment/ament_prefix_path.sh
[0.442s] -- Symlinking: /home/kwak/yolobot/install/yolobot_description/share/yolobot_description/environment/ament_prefix_path.dsv
[0.450s] -- Symlinking: /home/kwak/yolobot/install/yolobot_description/share/yolobot_description/environment/path.sh
[0.457s] -- Symlinking: /home/kwak/yolobot/install/yolobot_description/share/yolobot_description/environment/path.dsv
[0.465s] -- Symlinking: /home/kwak/yolobot/install/yolobot_description/share/yolobot_description/local_setup.bash
[0.473s] -- Symlinking: /home/kwak/yolobot/install/yolobot_description/share/yolobot_description/local_setup.sh
[0.480s] -- Symlinking: /home/kwak/yolobot/install/yolobot_description/share/yolobot_description/local_setup.zsh
[0.489s] -- Symlinking: /home/kwak/yolobot/install/yolobot_description/share/yolobot_description/local_setup.dsv
[0.498s] -- Symlinking: /home/kwak/yolobot/install/yolobot_description/share/yolobot_description/package.dsv
[0.504s] -- Symlinking: /home/kwak/yolobot/install/yolobot_description/share/ament_index/resource_index/packages/yolobot_description
[0.513s] -- Symlinking: /home/kwak/yolobot/install/yolobot_description/share/yolobot_description/cmake/yolobot_descriptionConfig.cmake
[0.519s] -- Symlinking: /home/kwak/yolobot/install/yolobot_description/share/yolobot_description/cmake/yolobot_descriptionConfig-version.cmake
[0.528s] -- Symlinking: /home/kwak/yolobot/install/yolobot_description/share/yolobot_description/package.xml
[0.551s] Invoked command in '/home/kwak/yolobot/build/yolobot_description' returned '0': CMAKE_PREFIX_PATH=${CMAKE_PREFIX_PATH}:/opt/ros/foxy /usr/bin/cmake --install /home/kwak/yolobot/build/yolobot_description
