[0.020s] Invoking command in '/home/kwak/yolobot/build/yolobot_gazebo': CMAKE_PREFIX_PATH=${CMAKE_PREFIX_PATH}:/opt/ros/foxy /usr/bin/cmake /home/kwak/yolobot/src/yolobot_gazebo -DAMENT_CMAKE_SYMLINK_INSTALL=1 -DCMAKE_INSTALL_PREFIX=/home/kwak/yolobot/install/yolobot_gazebo
[0.031s] -- Found ament_cmake: 0.9.9 (/opt/ros/foxy/share/ament_cmake/cmake)
[0.050s] -- Using PYTHON_EXECUTABLE: /usr/bin/python3
[0.223s] -- Override CMake install command with custom implementation using symlinks instead of copying resources
[0.229s] -- Found rclpy: 1.0.8 (/opt/ros/foxy/share/rclpy/cmake)
[0.229s] -- Found ament_lint_auto: 0.9.6 (/opt/ros/foxy/share/ament_lint_auto/cmake)
[0.287s] -- Added test 'copyright' to check source files copyright and LICENSE
[0.288s] -- Added test 'flake8' to check Python code syntax and style conventions
[0.288s] -- Added test 'lint_cmake' to check CMake code style
[0.288s] -- Added test 'pep257' to check Python code against some of the style conventions in PEP 257
[0.289s] -- Added test 'xmllint' to check XML markup files
[0.291s] -- Configuring done
[0.293s] -- Generating done
[0.294s] -- Build files have been written to: /home/kwak/yolobot/build/yolobot_gazebo
[0.296s] Invoked command in '/home/kwak/yolobot/build/yolobot_gazebo' returned '0': CMAKE_PREFIX_PATH=${CMAKE_PREFIX_PATH}:/opt/ros/foxy /usr/bin/cmake /home/kwak/yolobot/src/yolobot_gazebo -DAMENT_CMAKE_SYMLINK_INSTALL=1 -DCMAKE_INSTALL_PREFIX=/home/kwak/yolobot/install/yolobot_gazebo
[0.299s] Invoking command in '/home/kwak/yolobot/build/yolobot_gazebo': CMAKE_PREFIX_PATH=${CMAKE_PREFIX_PATH}:/opt/ros/foxy /usr/bin/cmake --build /home/kwak/yolobot/build/yolobot_gazebo -- -j12 -l12
[0.329s] Invoked command in '/home/kwak/yolobot/build/yolobot_gazebo' returned '0': CMAKE_PREFIX_PATH=${CMAKE_PREFIX_PATH}:/opt/ros/foxy /usr/bin/cmake --build /home/kwak/yolobot/build/yolobot_gazebo -- -j12 -l12
[0.355s] Invoking command in '/home/kwak/yolobot/build/yolobot_gazebo': CMAKE_PREFIX_PATH=${CMAKE_PREFIX_PATH}:/opt/ros/foxy /usr/bin/cmake --install /home/kwak/yolobot/build/yolobot_gazebo
[0.364s] -- Install configuration: ""
[0.366s] -- Execute custom install script
[0.366s] -- Symlinking: /home/kwak/yolobot/install/yolobot_gazebo/share/yolobot_gazebo//launch/start_world_launch.py
[0.371s] -- Symlinking: /home/kwak/yolobot/install/yolobot_gazebo/share/yolobot_gazebo//launch/yolobot_launch.py
[0.379s] -- Symlinking: /home/kwak/yolobot/install/yolobot_gazebo/share/yolobot_gazebo//worlds/yolo_test.world
[0.386s] -- Symlinking: /home/kwak/yolobot/install/yolobot_gazebo/share/ament_index/resource_index/package_run_dependencies/yolobot_gazebo
[0.393s] -- Symlinking: /home/kwak/yolobot/install/yolobot_gazebo/share/ament_index/resource_index/parent_prefix_path/yolobot_gazebo
[0.399s] -- Symlinking: /home/kwak/yolobot/install/yolobot_gazebo/share/yolobot_gazebo/environment/ament_prefix_path.sh
[0.406s] -- Symlinking: /home/kwak/yolobot/install/yolobot_gazebo/share/yolobot_gazebo/environment/ament_prefix_path.dsv
[0.414s] -- Symlinking: /home/kwak/yolobot/install/yolobot_gazebo/share/yolobot_gazebo/environment/path.sh
[0.422s] -- Symlinking: /home/kwak/yolobot/install/yolobot_gazebo/share/yolobot_gazebo/environment/path.dsv
[0.429s] -- Symlinking: /home/kwak/yolobot/install/yolobot_gazebo/share/yolobot_gazebo/local_setup.bash
[0.436s] -- Symlinking: /home/kwak/yolobot/install/yolobot_gazebo/share/yolobot_gazebo/local_setup.sh
[0.444s] -- Symlinking: /home/kwak/yolobot/install/yolobot_gazebo/share/yolobot_gazebo/local_setup.zsh
[0.452s] -- Symlinking: /home/kwak/yolobot/install/yolobot_gazebo/share/yolobot_gazebo/local_setup.dsv
[0.460s] -- Symlinking: /home/kwak/yolobot/install/yolobot_gazebo/share/yolobot_gazebo/package.dsv
[0.467s] -- Symlinking: /home/kwak/yolobot/install/yolobot_gazebo/share/ament_index/resource_index/packages/yolobot_gazebo
[0.475s] -- Symlinking: /home/kwak/yolobot/install/yolobot_gazebo/share/yolobot_gazebo/cmake/yolobot_gazeboConfig.cmake
[0.484s] -- Symlinking: /home/kwak/yolobot/install/yolobot_gazebo/share/yolobot_gazebo/cmake/yolobot_gazeboConfig-version.cmake
[0.493s] -- Symlinking: /home/kwak/yolobot/install/yolobot_gazebo/share/yolobot_gazebo/package.xml
[0.507s] Invoked command in '/home/kwak/yolobot/build/yolobot_gazebo' returned '0': CMAKE_PREFIX_PATH=${CMAKE_PREFIX_PATH}:/opt/ros/foxy /usr/bin/cmake --install /home/kwak/yolobot/build/yolobot_gazebo
